2017-10-18 21:13:07,663 [Worker-0] INFO  c.g.t.t.d.PublishedGradleVersions - Gradle version information cache is up-to-date. Trying to read.
2017-10-18 21:14:00,738 [Worker-12] INFO  o.e.m.c.i.l.LifecycleMappingFactory - Using org.eclipse.m2e.jdt.JarLifecycleMapping lifecycle mapping for MavenProject: com.designer:search-service:0.0.1-SNAPSHOT @ F:\in 28 minutes\ecommerce\search-service\search-service\pom.xml.
2017-10-18 21:14:06,376 [Worker-12] INFO  o.e.m.j.i.AbstractJavaProjectConfigurator - Adding source folder /search-service/src/main/java
2017-10-18 21:14:06,377 [Worker-12] INFO  o.e.m.j.i.AbstractJavaProjectConfigurator - Adding resource folder /search-service/src/main/resources
2017-10-18 21:14:06,378 [Worker-12] INFO  o.e.m.j.i.AbstractJavaProjectConfigurator - Adding resource folder /search-service/src/main/resources
2017-10-18 21:14:06,379 [Worker-12] INFO  o.e.m.j.i.AbstractJavaProjectConfigurator - Adding source folder /search-service/src/test/java
2017-10-18 21:14:06,742 [Worker-12] INFO  o.e.m.c.i.p.ProjectConfigurationManager - Imported and configured 1 project(s) in 14 sec
2017-10-18 21:14:09,673 [Worker-5] INFO  o.e.m.c.i.embedder.EclipseLogger - Using 'UTF-8' encoding to copy filtered resources.
2017-10-18 21:14:09,681 [Worker-5] INFO  o.e.m.c.i.embedder.EclipseLogger - Copying 2 resources
2017-10-18 21:14:09,710 [Worker-5] INFO  o.e.m.c.i.embedder.EclipseLogger - Copying 0 resource
2017-10-18 21:14:09,715 [Worker-5] INFO  o.e.m.c.i.embedder.EclipseLogger - Using 'UTF-8' encoding to copy filtered resources.
2017-10-18 21:14:09,715 [Worker-5] INFO  o.e.m.c.i.embedder.EclipseLogger - skip non existing resourceDirectory F:\in 28 minutes\ecommerce\search-service\search-service\src\test\resources
2017-10-18 21:19:26,370 [Worker-11] INFO  o.e.m.c.i.l.LifecycleMappingFactory - Using org.eclipse.m2e.jdt.JarLifecycleMapping lifecycle mapping for MavenProject: com.designer:searchservice:0.0.1-SNAPSHOT @ F:\in 28 minutes\ecommerce\search-service\search-service\pom.xml.
2017-10-18 21:19:28,087 [Worker-11] INFO  o.e.m.c.i.embedder.EclipseLogger - Using 'UTF-8' encoding to copy filtered resources.
2017-10-18 21:19:28,092 [Worker-11] INFO  o.e.m.c.i.embedder.EclipseLogger - Copying 0 resource
2017-10-18 21:19:28,092 [Worker-11] INFO  o.e.m.c.i.embedder.EclipseLogger - Copying 0 resource
2017-10-18 21:19:28,096 [Worker-11] INFO  o.e.m.c.i.embedder.EclipseLogger - Using 'UTF-8' encoding to copy filtered resources.
2017-10-18 21:19:28,097 [Worker-11] INFO  o.e.m.c.i.embedder.EclipseLogger - skip non existing resourceDirectory F:\in 28 minutes\ecommerce\search-service\search-service\src\test\resources
2017-10-18 21:19:41,636 [Worker-11] INFO  o.e.m.c.i.embedder.EclipseLogger - Using 'UTF-8' encoding to copy filtered resources.
2017-10-18 21:19:41,639 [Worker-11] INFO  o.e.m.c.i.embedder.EclipseLogger - Copying 1 resource
2017-10-18 21:19:41,669 [Worker-11] INFO  o.e.m.c.i.embedder.EclipseLogger - Copying 0 resource
2017-10-18 21:19:41,673 [Worker-11] INFO  o.e.m.c.i.embedder.EclipseLogger - Using 'UTF-8' encoding to copy filtered resources.
2017-10-18 21:19:41,674 [Worker-11] INFO  o.e.m.c.i.embedder.EclipseLogger - skip non existing resourceDirectory F:\in 28 minutes\ecommerce\search-service\search-service\src\test\resources
2017-10-18 22:44:08,453 [Worker-5] INFO  c.g.t.t.d.PublishedGradleVersions - Gradle version information cache is up-to-date. Trying to read.
2017-10-18 22:44:17,977 [Worker-5] INFO  o.e.m.c.i.embedder.EclipseLogger - Using 'UTF-8' encoding to copy filtered resources.
2017-10-18 22:44:17,986 [Worker-5] INFO  o.e.m.c.i.embedder.EclipseLogger - Copying 2 resources
2017-10-18 22:44:18,011 [Worker-5] INFO  o.e.m.c.i.embedder.EclipseLogger - Copying 0 resource
2017-10-18 22:44:18,016 [Worker-5] INFO  o.e.m.c.i.embedder.EclipseLogger - Using 'UTF-8' encoding to copy filtered resources.
2017-10-18 22:44:18,016 [Worker-5] INFO  o.e.m.c.i.embedder.EclipseLogger - skip non existing resourceDirectory F:\in 28 minutes\ecommerce\search-service\search-service\src\test\resources
2017-10-18 22:52:35,018 [Worker-12] INFO  o.e.m.c.i.embedder.EclipseLogger - Using 'UTF-8' encoding to copy filtered resources.
2017-10-18 22:52:35,033 [Worker-12] INFO  o.e.m.c.i.embedder.EclipseLogger - Copying 1 resource
2017-10-18 22:52:35,037 [Worker-12] INFO  o.e.m.c.i.embedder.EclipseLogger - Copying 0 resource
2017-10-18 22:52:35,045 [Worker-12] INFO  o.e.m.c.i.embedder.EclipseLogger - Using 'UTF-8' encoding to copy filtered resources.
2017-10-18 22:52:35,046 [Worker-12] INFO  o.e.m.c.i.embedder.EclipseLogger - skip non existing resourceDirectory F:\in 28 minutes\ecommerce\search-service\search-service\src\test\resources
2017-10-18 22:53:08,243 [Worker-19] INFO  o.e.m.c.i.l.LifecycleMappingFactory - Using org.eclipse.m2e.jdt.JarLifecycleMapping lifecycle mapping for MavenProject: com.designer:search-service:0.0.1-SNAPSHOT @ F:\in 28 minutes\ecommerce\search-service\search-service\pom.xml.
2017-10-18 22:53:10,122 [Worker-19] INFO  o.e.m.c.i.embedder.EclipseLogger - Using 'UTF-8' encoding to copy filtered resources.
2017-10-18 22:53:10,127 [Worker-19] INFO  o.e.m.c.i.embedder.EclipseLogger - Copying 0 resource
2017-10-18 22:53:10,128 [Worker-19] INFO  o.e.m.c.i.embedder.EclipseLogger - Copying 0 resource
2017-10-18 22:53:10,132 [Worker-19] INFO  o.e.m.c.i.embedder.EclipseLogger - Using 'UTF-8' encoding to copy filtered resources.
2017-10-18 22:53:10,132 [Worker-19] INFO  o.e.m.c.i.embedder.EclipseLogger - skip non existing resourceDirectory F:\in 28 minutes\ecommerce\search-service\search-service\src\test\resources
2017-10-19 00:02:09,001 [Worker-31] INFO  o.e.m.c.i.embedder.EclipseLogger - Using 'UTF-8' encoding to copy filtered resources.
2017-10-19 00:02:09,019 [Worker-31] INFO  o.e.m.c.i.embedder.EclipseLogger - Copying 2 resources
2017-10-19 00:02:09,080 [Worker-31] INFO  o.e.m.c.i.embedder.EclipseLogger - Copying 0 resource
2017-10-19 00:02:09,090 [Worker-31] INFO  o.e.m.c.i.embedder.EclipseLogger - Using 'UTF-8' encoding to copy filtered resources.
2017-10-19 00:02:09,090 [Worker-31] INFO  o.e.m.c.i.embedder.EclipseLogger - skip non existing resourceDirectory F:\in 28 minutes\ecommerce\search-service\search-service\src\test\resources
2017-10-19 00:03:59,953 [Worker-22] INFO  o.e.m.c.i.embedder.EclipseLogger - Using 'UTF-8' encoding to copy filtered resources.
2017-10-19 00:03:59,956 [Worker-22] INFO  o.e.m.c.i.embedder.EclipseLogger - Copying 1 resource
2017-10-19 00:03:59,963 [Worker-22] INFO  o.e.m.c.i.embedder.EclipseLogger - Copying 0 resource
2017-10-19 00:03:59,970 [Worker-22] INFO  o.e.m.c.i.embedder.EclipseLogger - Using 'UTF-8' encoding to copy filtered resources.
2017-10-19 00:03:59,971 [Worker-22] INFO  o.e.m.c.i.embedder.EclipseLogger - skip non existing resourceDirectory F:\in 28 minutes\ecommerce\search-service\search-service\src\test\resources
2017-10-19 00:08:10,776 [Worker-34] INFO  o.e.m.c.i.embedder.EclipseLogger - Using 'UTF-8' encoding to copy filtered resources.
2017-10-19 00:08:10,778 [Worker-34] INFO  o.e.m.c.i.embedder.EclipseLogger - Copying 1 resource
2017-10-19 00:08:10,782 [Worker-34] INFO  o.e.m.c.i.embedder.EclipseLogger - Copying 0 resource
2017-10-19 00:08:10,791 [Worker-34] INFO  o.e.m.c.i.embedder.EclipseLogger - Using 'UTF-8' encoding to copy filtered resources.
2017-10-19 00:08:10,792 [Worker-34] INFO  o.e.m.c.i.embedder.EclipseLogger - skip non existing resourceDirectory F:\in 28 minutes\ecommerce\search-service\search-service\src\test\resources
2017-10-19 00:14:06,978 [Worker-34] INFO  o.e.m.c.i.l.LifecycleMappingFactory - Using org.eclipse.m2e.jdt.JarLifecycleMapping lifecycle mapping for MavenProject: com.designer:search-service:0.0.1-SNAPSHOT @ F:\in 28 minutes\ecommerce\search-service\search-service\pom.xml.
2017-10-19 00:14:07,956 [Worker-34] INFO  o.e.m.c.i.embedder.EclipseLogger - Using 'UTF-8' encoding to copy filtered resources.
2017-10-19 00:14:07,960 [Worker-34] INFO  o.e.m.c.i.embedder.EclipseLogger - Copying 0 resource
2017-10-19 00:14:07,961 [Worker-34] INFO  o.e.m.c.i.embedder.EclipseLogger - Copying 0 resource
2017-10-19 00:14:07,965 [Worker-34] INFO  o.e.m.c.i.embedder.EclipseLogger - Using 'UTF-8' encoding to copy filtered resources.
2017-10-19 00:14:07,965 [Worker-34] INFO  o.e.m.c.i.embedder.EclipseLogger - skip non existing resourceDirectory F:\in 28 minutes\ecommerce\search-service\search-service\src\test\resources
2017-10-19 00:14:11,351 [Worker-39] INFO  o.e.m.c.i.embedder.EclipseLogger - Using 'UTF-8' encoding to copy filtered resources.
2017-10-19 00:14:11,354 [Worker-39] INFO  o.e.m.c.i.embedder.EclipseLogger - Copying 2 resources
2017-10-19 00:14:11,403 [Worker-39] INFO  o.e.m.c.i.embedder.EclipseLogger - Copying 0 resource
2017-10-19 00:14:11,410 [Worker-39] INFO  o.e.m.c.i.embedder.EclipseLogger - Using 'UTF-8' encoding to copy filtered resources.
2017-10-19 00:14:11,410 [Worker-39] INFO  o.e.m.c.i.embedder.EclipseLogger - skip non existing resourceDirectory F:\in 28 minutes\ecommerce\search-service\search-service\src\test\resources
2017-10-19 00:14:34,816 [Worker-34] INFO  o.e.m.c.i.embedder.EclipseLogger - Using 'UTF-8' encoding to copy filtered resources.
2017-10-19 00:14:34,819 [Worker-34] INFO  o.e.m.c.i.embedder.EclipseLogger - Copying 2 resources
2017-10-19 00:14:34,825 [Worker-34] INFO  o.e.m.c.i.embedder.EclipseLogger - Copying 0 resource
2017-10-19 00:14:34,831 [Worker-34] INFO  o.e.m.c.i.embedder.EclipseLogger - Using 'UTF-8' encoding to copy filtered resources.
2017-10-19 00:14:34,831 [Worker-34] INFO  o.e.m.c.i.embedder.EclipseLogger - skip non existing resourceDirectory F:\in 28 minutes\ecommerce\search-service\search-service\src\test\resources
2017-10-19 00:15:01,339 [Worker-40] INFO  o.e.m.c.i.embedder.EclipseLogger - Using 'UTF-8' encoding to copy filtered resources.
2017-10-19 00:15:01,342 [Worker-40] INFO  o.e.m.c.i.embedder.EclipseLogger - Copying 2 resources
2017-10-19 00:15:01,348 [Worker-40] INFO  o.e.m.c.i.embedder.EclipseLogger - Copying 0 resource
2017-10-19 00:15:01,364 [Worker-40] INFO  o.e.m.c.i.embedder.EclipseLogger - Using 'UTF-8' encoding to copy filtered resources.
2017-10-19 00:15:01,365 [Worker-40] INFO  o.e.m.c.i.embedder.EclipseLogger - skip non existing resourceDirectory F:\in 28 minutes\ecommerce\search-service\search-service\src\test\resources
2017-10-19 00:15:54,176 [Worker-41] INFO  o.e.m.c.i.l.LifecycleMappingFactory - Using org.eclipse.m2e.jdt.JarLifecycleMapping lifecycle mapping for MavenProject: com.designer:search-service:0.0.1-SNAPSHOT @ F:\in 28 minutes\ecommerce\search-service\search-service\pom.xml.
2017-10-19 00:15:56,783 [Worker-41] INFO  o.e.m.c.i.embedder.EclipseLogger - Using 'UTF-8' encoding to copy filtered resources.
2017-10-19 00:15:56,788 [Worker-41] INFO  o.e.m.c.i.embedder.EclipseLogger - Copying 0 resource
2017-10-19 00:15:56,789 [Worker-41] INFO  o.e.m.c.i.embedder.EclipseLogger - Copying 0 resource
2017-10-19 00:15:56,793 [Worker-41] INFO  o.e.m.c.i.embedder.EclipseLogger - Using 'UTF-8' encoding to copy filtered resources.
2017-10-19 00:15:56,793 [Worker-41] INFO  o.e.m.c.i.embedder.EclipseLogger - skip non existing resourceDirectory F:\in 28 minutes\ecommerce\search-service\search-service\src\test\resources
2017-10-19 00:16:01,676 [Worker-40] INFO  o.e.m.c.i.embedder.EclipseLogger - Using 'UTF-8' encoding to copy filtered resources.
2017-10-19 00:16:01,677 [Worker-40] INFO  o.e.m.c.i.embedder.EclipseLogger - Copying 2 resources
2017-10-19 00:16:01,712 [Worker-40] INFO  o.e.m.c.i.embedder.EclipseLogger - Copying 0 resource
2017-10-19 00:16:01,715 [Worker-40] INFO  o.e.m.c.i.embedder.EclipseLogger - Using 'UTF-8' encoding to copy filtered resources.
2017-10-19 00:16:01,716 [Worker-40] INFO  o.e.m.c.i.embedder.EclipseLogger - skip non existing resourceDirectory F:\in 28 minutes\ecommerce\search-service\search-service\src\test\resources
2017-10-19 00:16:27,218 [Worker-40] INFO  o.e.m.c.i.embedder.EclipseLogger - Using 'UTF-8' encoding to copy filtered resources.
2017-10-19 00:16:27,220 [Worker-40] INFO  o.e.m.c.i.embedder.EclipseLogger - Copying 2 resources
2017-10-19 00:16:27,226 [Worker-40] INFO  o.e.m.c.i.embedder.EclipseLogger - Copying 0 resource
2017-10-19 00:16:27,230 [Worker-40] INFO  o.e.m.c.i.embedder.EclipseLogger - Using 'UTF-8' encoding to copy filtered resources.
2017-10-19 00:16:27,230 [Worker-40] INFO  o.e.m.c.i.embedder.EclipseLogger - skip non existing resourceDirectory F:\in 28 minutes\ecommerce\search-service\search-service\src\test\resources
2017-10-19 00:16:48,581 [Worker-43] INFO  o.e.m.c.i.embedder.EclipseLogger - Using 'UTF-8' encoding to copy filtered resources.
2017-10-19 00:16:48,584 [Worker-43] INFO  o.e.m.c.i.embedder.EclipseLogger - Copying 2 resources
2017-10-19 00:16:48,590 [Worker-43] INFO  o.e.m.c.i.embedder.EclipseLogger - Copying 0 resource
2017-10-19 00:16:48,597 [Worker-43] INFO  o.e.m.c.i.embedder.EclipseLogger - Using 'UTF-8' encoding to copy filtered resources.
2017-10-19 00:16:48,597 [Worker-43] INFO  o.e.m.c.i.embedder.EclipseLogger - skip non existing resourceDirectory F:\in 28 minutes\ecommerce\search-service\search-service\src\test\resources
