2017-11-12 17:23:34,862 [Worker-4] INFO  c.g.t.t.d.PublishedGradleVersions - Gradle version information cache is out-of-date. Trying to update.
2017-11-12 18:48:28,307 [Worker-3] INFO  c.g.t.t.d.PublishedGradleVersions - Gradle version information cache is up-to-date. Trying to read.
2017-11-13 00:10:36,840 [Worker-26] INFO  o.e.m.c.i.p.ProjectConfigurationManager - Update started
2017-11-13 00:10:39,207 [Worker-26] INFO  o.e.m.c.i.e.AbstractTransferListenerAdapter - Downloading https://repo.maven.apache.org/maven2/org/springframework/boot/spring-boot-starter-parent/1.5.8.RELEASE/spring-boot-starter-parent-1.5.8.RELEASE.pom
2017-11-13 00:10:39,291 [Worker-26] INFO  o.e.m.c.i.e.AbstractTransferListenerAdapter - Downloaded https://repo.maven.apache.org/maven2/org/springframework/boot/spring-boot-starter-parent/1.5.8.RELEASE/spring-boot-starter-parent-1.5.8.RELEASE.pom
2017-11-13 00:10:39,342 [Worker-26] INFO  o.e.m.c.i.e.AbstractTransferListenerAdapter - Downloading https://repo.maven.apache.org/maven2/org/springframework/boot/spring-boot-dependencies/1.5.8.RELEASE/spring-boot-dependencies-1.5.8.RELEASE.pom
2017-11-13 00:10:39,456 [Worker-26] INFO  o.e.m.c.i.e.AbstractTransferListenerAdapter - Downloaded https://repo.maven.apache.org/maven2/org/springframework/boot/spring-boot-dependencies/1.5.8.RELEASE/spring-boot-dependencies-1.5.8.RELEASE.pom
2017-11-13 00:10:39,622 [Worker-26] INFO  o.e.m.c.i.e.AbstractTransferListenerAdapter - Downloading https://repo.maven.apache.org/maven2/org/springframework/cloud/spring-cloud-dependencies/Dalston.SR4/spring-cloud-dependencies-Dalston.SR4.pom
2017-11-13 00:10:39,749 [Worker-26] INFO  o.e.m.c.i.e.AbstractTransferListenerAdapter - Downloaded https://repo.maven.apache.org/maven2/org/springframework/cloud/spring-cloud-dependencies/Dalston.SR4/spring-cloud-dependencies-Dalston.SR4.pom
2017-11-13 00:10:39,787 [Worker-26] INFO  o.e.m.c.i.e.AbstractTransferListenerAdapter - Downloading https://repo.maven.apache.org/maven2/org/springframework/cloud/spring-cloud-dependencies-parent/1.3.5.RELEASE/spring-cloud-dependencies-parent-1.3.5.RELEASE.pom
2017-11-13 00:10:39,843 [Worker-26] INFO  o.e.m.c.i.e.AbstractTransferListenerAdapter - Downloaded https://repo.maven.apache.org/maven2/org/springframework/cloud/spring-cloud-dependencies-parent/1.3.5.RELEASE/spring-cloud-dependencies-parent-1.3.5.RELEASE.pom
2017-11-13 00:10:39,889 [Worker-26] INFO  o.e.m.c.i.e.AbstractTransferListenerAdapter - Downloading https://repo.maven.apache.org/maven2/org/springframework/cloud/spring-cloud-commons-dependencies/1.2.4.RELEASE/spring-cloud-commons-dependencies-1.2.4.RELEASE.pom
2017-11-13 00:10:39,931 [Worker-26] INFO  o.e.m.c.i.e.AbstractTransferListenerAdapter - Downloaded https://repo.maven.apache.org/maven2/org/springframework/cloud/spring-cloud-commons-dependencies/1.2.4.RELEASE/spring-cloud-commons-dependencies-1.2.4.RELEASE.pom
2017-11-13 00:10:39,971 [Worker-26] INFO  o.e.m.c.i.e.AbstractTransferListenerAdapter - Downloading https://repo.maven.apache.org/maven2/org/springframework/cloud/spring-cloud-netflix-dependencies/1.3.5.RELEASE/spring-cloud-netflix-dependencies-1.3.5.RELEASE.pom
2017-11-13 00:10:40,007 [Worker-26] INFO  o.e.m.c.i.e.AbstractTransferListenerAdapter - Downloaded https://repo.maven.apache.org/maven2/org/springframework/cloud/spring-cloud-netflix-dependencies/1.3.5.RELEASE/spring-cloud-netflix-dependencies-1.3.5.RELEASE.pom
2017-11-13 00:10:40,325 [Worker-26] INFO  o.e.m.c.i.e.AbstractTransferListenerAdapter - Downloading https://repo.maven.apache.org/maven2/org/springframework/cloud/spring-cloud-config-dependencies/1.3.3.RELEASE/spring-cloud-config-dependencies-1.3.3.RELEASE.pom
2017-11-13 00:10:40,356 [Worker-26] INFO  o.e.m.c.i.e.AbstractTransferListenerAdapter - Downloaded https://repo.maven.apache.org/maven2/org/springframework/cloud/spring-cloud-config-dependencies/1.3.3.RELEASE/spring-cloud-config-dependencies-1.3.3.RELEASE.pom
2017-11-13 00:10:40,476 [Worker-26] INFO  o.e.m.c.i.e.AbstractTransferListenerAdapter - Downloading https://repo.maven.apache.org/maven2/org/springframework/cloud/spring-cloud-sleuth-dependencies/1.2.5.RELEASE/spring-cloud-sleuth-dependencies-1.2.5.RELEASE.pom
2017-11-13 00:10:40,522 [Worker-26] INFO  o.e.m.c.i.e.AbstractTransferListenerAdapter - Downloaded https://repo.maven.apache.org/maven2/org/springframework/cloud/spring-cloud-sleuth-dependencies/1.2.5.RELEASE/spring-cloud-sleuth-dependencies-1.2.5.RELEASE.pom
2017-11-13 00:10:40,681 [Worker-26] INFO  o.e.m.c.i.e.AbstractTransferListenerAdapter - Downloading https://repo.maven.apache.org/maven2/org/springframework/cloud/spring-cloud-zookeeper-dependencies/1.1.2.RELEASE/spring-cloud-zookeeper-dependencies-1.1.2.RELEASE.pom
2017-11-13 00:10:40,724 [Worker-26] INFO  o.e.m.c.i.e.AbstractTransferListenerAdapter - Downloaded https://repo.maven.apache.org/maven2/org/springframework/cloud/spring-cloud-zookeeper-dependencies/1.1.2.RELEASE/spring-cloud-zookeeper-dependencies-1.1.2.RELEASE.pom
2017-11-13 00:10:41,056 [Worker-26] INFO  o.e.m.c.i.e.AbstractTransferListenerAdapter - Downloading https://repo.maven.apache.org/maven2/org/springframework/cloud/spring-cloud-contract-dependencies/1.1.4.RELEASE/spring-cloud-contract-dependencies-1.1.4.RELEASE.pom
2017-11-13 00:10:41,092 [Worker-26] INFO  o.e.m.c.i.e.AbstractTransferListenerAdapter - Downloaded https://repo.maven.apache.org/maven2/org/springframework/cloud/spring-cloud-contract-dependencies/1.1.4.RELEASE/spring-cloud-contract-dependencies-1.1.4.RELEASE.pom
2017-11-13 00:10:41,400 [Worker-26] INFO  o.e.m.c.i.e.AbstractTransferListenerAdapter - Downloading https://repo.maven.apache.org/maven2/com/fasterxml/jackson/jackson-bom/2.8.10/jackson-bom-2.8.10.pom
2017-11-13 00:10:41,444 [Worker-26] INFO  o.e.m.c.i.e.AbstractTransferListenerAdapter - Downloaded https://repo.maven.apache.org/maven2/com/fasterxml/jackson/jackson-bom/2.8.10/jackson-bom-2.8.10.pom
2017-11-13 00:10:41,784 [Worker-26] INFO  o.e.m.c.i.e.AbstractTransferListenerAdapter - Downloading https://repo.maven.apache.org/maven2/org/springframework/spring-framework-bom/4.3.12.RELEASE/spring-framework-bom-4.3.12.RELEASE.pom
2017-11-13 00:10:41,818 [Worker-26] INFO  o.e.m.c.i.e.AbstractTransferListenerAdapter - Downloaded https://repo.maven.apache.org/maven2/org/springframework/spring-framework-bom/4.3.12.RELEASE/spring-framework-bom-4.3.12.RELEASE.pom
2017-11-13 00:10:41,859 [Worker-26] INFO  o.e.m.c.i.e.AbstractTransferListenerAdapter - Downloading https://repo.maven.apache.org/maven2/org/springframework/data/spring-data-releasetrain/Ingalls-SR8/spring-data-releasetrain-Ingalls-SR8.pom
2017-11-13 00:10:41,911 [Worker-26] INFO  o.e.m.c.i.e.AbstractTransferListenerAdapter - Downloaded https://repo.maven.apache.org/maven2/org/springframework/data/spring-data-releasetrain/Ingalls-SR8/spring-data-releasetrain-Ingalls-SR8.pom
2017-11-13 00:10:41,954 [Worker-26] INFO  o.e.m.c.i.e.AbstractTransferListenerAdapter - Downloading https://repo.maven.apache.org/maven2/org/springframework/data/build/spring-data-build/1.9.8.RELEASE/spring-data-build-1.9.8.RELEASE.pom
2017-11-13 00:10:42,003 [Worker-26] INFO  o.e.m.c.i.e.AbstractTransferListenerAdapter - Downloaded https://repo.maven.apache.org/maven2/org/springframework/data/build/spring-data-build/1.9.8.RELEASE/spring-data-build-1.9.8.RELEASE.pom
2017-11-13 00:10:42,037 [Worker-26] INFO  o.e.m.c.i.e.AbstractTransferListenerAdapter - Downloading https://repo.maven.apache.org/maven2/org/springframework/integration/spring-integration-bom/4.3.12.RELEASE/spring-integration-bom-4.3.12.RELEASE.pom
2017-11-13 00:10:42,074 [Worker-26] INFO  o.e.m.c.i.e.AbstractTransferListenerAdapter - Downloaded https://repo.maven.apache.org/maven2/org/springframework/integration/spring-integration-bom/4.3.12.RELEASE/spring-integration-bom-4.3.12.RELEASE.pom
2017-11-13 00:10:43,393 [Worker-26] INFO  o.e.m.c.i.e.AbstractTransferListenerAdapter - Downloading https://repo.maven.apache.org/maven2/org/springframework/boot/spring-boot-maven-plugin/1.5.8.RELEASE/spring-boot-maven-plugin-1.5.8.RELEASE.pom
2017-11-13 00:10:43,474 [Worker-26] INFO  o.e.m.c.i.e.AbstractTransferListenerAdapter - Downloaded https://repo.maven.apache.org/maven2/org/springframework/boot/spring-boot-maven-plugin/1.5.8.RELEASE/spring-boot-maven-plugin-1.5.8.RELEASE.pom
2017-11-13 00:10:43,513 [Worker-26] INFO  o.e.m.c.i.e.AbstractTransferListenerAdapter - Downloading https://repo.maven.apache.org/maven2/org/springframework/boot/spring-boot-tools/1.5.8.RELEASE/spring-boot-tools-1.5.8.RELEASE.pom
2017-11-13 00:10:43,550 [Worker-26] INFO  o.e.m.c.i.e.AbstractTransferListenerAdapter - Downloaded https://repo.maven.apache.org/maven2/org/springframework/boot/spring-boot-tools/1.5.8.RELEASE/spring-boot-tools-1.5.8.RELEASE.pom
2017-11-13 00:10:43,589 [Worker-26] INFO  o.e.m.c.i.e.AbstractTransferListenerAdapter - Downloading https://repo.maven.apache.org/maven2/org/springframework/boot/spring-boot-parent/1.5.8.RELEASE/spring-boot-parent-1.5.8.RELEASE.pom
2017-11-13 00:10:43,662 [Worker-26] INFO  o.e.m.c.i.e.AbstractTransferListenerAdapter - Downloaded https://repo.maven.apache.org/maven2/org/springframework/boot/spring-boot-parent/1.5.8.RELEASE/spring-boot-parent-1.5.8.RELEASE.pom
2017-11-13 00:10:43,763 [Worker-26] INFO  o.e.m.c.i.e.AbstractTransferListenerAdapter - Downloading https://repo.maven.apache.org/maven2/org/springframework/boot/spring-boot-maven-plugin/1.5.8.RELEASE/spring-boot-maven-plugin-1.5.8.RELEASE.jar
2017-11-13 00:10:43,834 [Worker-26] INFO  o.e.m.c.i.e.AbstractTransferListenerAdapter - Downloaded https://repo.maven.apache.org/maven2/org/springframework/boot/spring-boot-maven-plugin/1.5.8.RELEASE/spring-boot-maven-plugin-1.5.8.RELEASE.jar
2017-11-13 00:10:50,783 [Worker-26] INFO  o.e.m.c.i.l.LifecycleMappingFactory - Using org.eclipse.m2e.jdt.JarLifecycleMapping lifecycle mapping for MavenProject: com.login:login-client:0.0.1-SNAPSHOT @ F:\in 28 minutes\ecommerce\login-client\login-client\pom.xml.
2017-11-13 00:10:50,869 [Worker-26] INFO  o.e.m.c.i.e.AbstractTransferListenerAdapter - Downloading https://repo.maven.apache.org/maven2/org/springframework/cloud/spring-cloud-starter-oauth2/1.2.1.RELEASE/spring-cloud-starter-oauth2-1.2.1.RELEASE.pom
2017-11-13 00:10:50,914 [Worker-26] INFO  o.e.m.c.i.e.AbstractTransferListenerAdapter - Downloaded https://repo.maven.apache.org/maven2/org/springframework/cloud/spring-cloud-starter-oauth2/1.2.1.RELEASE/spring-cloud-starter-oauth2-1.2.1.RELEASE.pom
2017-11-13 00:10:50,971 [Worker-26] INFO  o.e.m.c.i.e.AbstractTransferListenerAdapter - Downloading https://repo.maven.apache.org/maven2/org/springframework/cloud/spring-cloud-security-parent/1.2.1.RELEASE/spring-cloud-security-parent-1.2.1.RELEASE.pom
2017-11-13 00:10:51,011 [Worker-26] INFO  o.e.m.c.i.e.AbstractTransferListenerAdapter - Downloaded https://repo.maven.apache.org/maven2/org/springframework/cloud/spring-cloud-security-parent/1.2.1.RELEASE/spring-cloud-security-parent-1.2.1.RELEASE.pom
2017-11-13 00:10:51,072 [Worker-26] INFO  o.e.m.c.i.e.AbstractTransferListenerAdapter - Downloading https://repo.maven.apache.org/maven2/org/springframework/cloud/spring-cloud-build/1.3.2.RELEASE/spring-cloud-build-1.3.2.RELEASE.pom
2017-11-13 00:10:51,125 [Worker-26] INFO  o.e.m.c.i.e.AbstractTransferListenerAdapter - Downloaded https://repo.maven.apache.org/maven2/org/springframework/cloud/spring-cloud-build/1.3.2.RELEASE/spring-cloud-build-1.3.2.RELEASE.pom
2017-11-13 00:10:51,191 [Worker-26] INFO  o.e.m.c.i.e.AbstractTransferListenerAdapter - Downloading https://repo.maven.apache.org/maven2/org/springframework/cloud/spring-cloud-netflix-dependencies/1.3.1.RELEASE/spring-cloud-netflix-dependencies-1.3.1.RELEASE.pom
2017-11-13 00:10:51,253 [Worker-26] INFO  o.e.m.c.i.e.AbstractTransferListenerAdapter - Downloaded https://repo.maven.apache.org/maven2/org/springframework/cloud/spring-cloud-netflix-dependencies/1.3.1.RELEASE/spring-cloud-netflix-dependencies-1.3.1.RELEASE.pom
2017-11-13 00:10:51,310 [Worker-26] INFO  o.e.m.c.i.e.AbstractTransferListenerAdapter - Downloading https://repo.maven.apache.org/maven2/org/springframework/cloud/spring-cloud-commons-dependencies/1.2.2.RELEASE/spring-cloud-commons-dependencies-1.2.2.RELEASE.pom
2017-11-13 00:10:51,354 [Worker-26] INFO  o.e.m.c.i.e.AbstractTransferListenerAdapter - Downloaded https://repo.maven.apache.org/maven2/org/springframework/cloud/spring-cloud-commons-dependencies/1.2.2.RELEASE/spring-cloud-commons-dependencies-1.2.2.RELEASE.pom
2017-11-13 00:10:51,409 [Worker-26] INFO  o.e.m.c.i.e.AbstractTransferListenerAdapter - Downloading https://repo.maven.apache.org/maven2/org/springframework/cloud/spring-cloud-build-dependencies/1.3.2.RELEASE/spring-cloud-build-dependencies-1.3.2.RELEASE.pom
2017-11-13 00:10:51,457 [Worker-26] INFO  o.e.m.c.i.e.AbstractTransferListenerAdapter - Downloaded https://repo.maven.apache.org/maven2/org/springframework/cloud/spring-cloud-build-dependencies/1.3.2.RELEASE/spring-cloud-build-dependencies-1.3.2.RELEASE.pom
2017-11-13 00:10:51,502 [Worker-26] INFO  o.e.m.c.i.e.AbstractTransferListenerAdapter - Downloading https://repo.maven.apache.org/maven2/org/springframework/boot/spring-boot-dependencies/1.5.3.RELEASE/spring-boot-dependencies-1.5.3.RELEASE.pom
2017-11-13 00:10:51,626 [Worker-26] INFO  o.e.m.c.i.e.AbstractTransferListenerAdapter - Downloaded https://repo.maven.apache.org/maven2/org/springframework/boot/spring-boot-dependencies/1.5.3.RELEASE/spring-boot-dependencies-1.5.3.RELEASE.pom
2017-11-13 00:10:51,758 [Worker-26] INFO  o.e.m.c.i.e.AbstractTransferListenerAdapter - Downloading https://repo.maven.apache.org/maven2/org/springframework/spring-framework-bom/4.3.8.RELEASE/spring-framework-bom-4.3.8.RELEASE.pom
2017-11-13 00:10:51,813 [Worker-26] INFO  o.e.m.c.i.e.AbstractTransferListenerAdapter - Downloaded https://repo.maven.apache.org/maven2/org/springframework/spring-framework-bom/4.3.8.RELEASE/spring-framework-bom-4.3.8.RELEASE.pom
2017-11-13 00:10:51,890 [Worker-26] INFO  o.e.m.c.i.e.AbstractTransferListenerAdapter - Downloading https://repo.maven.apache.org/maven2/org/springframework/data/spring-data-releasetrain/Ingalls-SR3/spring-data-releasetrain-Ingalls-SR3.pom
2017-11-13 00:10:51,930 [Worker-26] INFO  o.e.m.c.i.e.AbstractTransferListenerAdapter - Downloaded https://repo.maven.apache.org/maven2/org/springframework/data/spring-data-releasetrain/Ingalls-SR3/spring-data-releasetrain-Ingalls-SR3.pom
2017-11-13 00:10:51,988 [Worker-26] INFO  o.e.m.c.i.e.AbstractTransferListenerAdapter - Downloading https://repo.maven.apache.org/maven2/org/springframework/data/build/spring-data-build/1.9.3.RELEASE/spring-data-build-1.9.3.RELEASE.pom
2017-11-13 00:10:52,134 [Worker-26] INFO  o.e.m.c.i.e.AbstractTransferListenerAdapter - Downloaded https://repo.maven.apache.org/maven2/org/springframework/data/build/spring-data-build/1.9.3.RELEASE/spring-data-build-1.9.3.RELEASE.pom
2017-11-13 00:10:52,200 [Worker-26] INFO  o.e.m.c.i.e.AbstractTransferListenerAdapter - Downloading https://repo.maven.apache.org/maven2/org/springframework/integration/spring-integration-bom/4.3.9.RELEASE/spring-integration-bom-4.3.9.RELEASE.pom
2017-11-13 00:10:52,241 [Worker-26] INFO  o.e.m.c.i.e.AbstractTransferListenerAdapter - Downloaded https://repo.maven.apache.org/maven2/org/springframework/integration/spring-integration-bom/4.3.9.RELEASE/spring-integration-bom-4.3.9.RELEASE.pom
2017-11-13 00:10:52,299 [Worker-26] INFO  o.e.m.c.i.e.AbstractTransferListenerAdapter - Downloading https://repo.maven.apache.org/maven2/org/springframework/security/spring-security-bom/4.2.2.RELEASE/spring-security-bom-4.2.2.RELEASE.pom
2017-11-13 00:10:52,340 [Worker-26] INFO  o.e.m.c.i.e.AbstractTransferListenerAdapter - Downloaded https://repo.maven.apache.org/maven2/org/springframework/security/spring-security-bom/4.2.2.RELEASE/spring-security-bom-4.2.2.RELEASE.pom
2017-11-13 00:10:52,425 [Worker-26] INFO  o.e.m.c.i.e.AbstractTransferListenerAdapter - Downloading https://repo.maven.apache.org/maven2/org/springframework/cloud/spring-cloud-starter-security/1.2.1.RELEASE/spring-cloud-starter-security-1.2.1.RELEASE.pom
2017-11-13 00:10:52,467 [Worker-26] INFO  o.e.m.c.i.e.AbstractTransferListenerAdapter - Downloaded https://repo.maven.apache.org/maven2/org/springframework/cloud/spring-cloud-starter-security/1.2.1.RELEASE/spring-cloud-starter-security-1.2.1.RELEASE.pom
2017-11-13 00:10:52,536 [Worker-26] INFO  o.e.m.c.i.e.AbstractTransferListenerAdapter - Downloading https://repo.maven.apache.org/maven2/org/springframework/cloud/spring-cloud-starter/1.2.4.RELEASE/spring-cloud-starter-1.2.4.RELEASE.pom
2017-11-13 00:10:52,575 [Worker-26] INFO  o.e.m.c.i.e.AbstractTransferListenerAdapter - Downloaded https://repo.maven.apache.org/maven2/org/springframework/cloud/spring-cloud-starter/1.2.4.RELEASE/spring-cloud-starter-1.2.4.RELEASE.pom
2017-11-13 00:10:52,661 [Worker-26] INFO  o.e.m.c.i.e.AbstractTransferListenerAdapter - Downloading https://repo.maven.apache.org/maven2/org/springframework/cloud/spring-cloud-commons-parent/1.2.4.RELEASE/spring-cloud-commons-parent-1.2.4.RELEASE.pom
2017-11-13 00:10:52,710 [Worker-26] INFO  o.e.m.c.i.e.AbstractTransferListenerAdapter - Downloaded https://repo.maven.apache.org/maven2/org/springframework/cloud/spring-cloud-commons-parent/1.2.4.RELEASE/spring-cloud-commons-parent-1.2.4.RELEASE.pom
2017-11-13 00:10:52,756 [Worker-26] INFO  o.e.m.c.i.e.AbstractTransferListenerAdapter - Downloading https://repo.maven.apache.org/maven2/org/springframework/cloud/spring-cloud-build/1.3.5.RELEASE/spring-cloud-build-1.3.5.RELEASE.pom
2017-11-13 00:10:52,828 [Worker-26] INFO  o.e.m.c.i.e.AbstractTransferListenerAdapter - Downloaded https://repo.maven.apache.org/maven2/org/springframework/cloud/spring-cloud-build/1.3.5.RELEASE/spring-cloud-build-1.3.5.RELEASE.pom
2017-11-13 00:10:52,952 [Worker-26] INFO  o.e.m.c.i.e.AbstractTransferListenerAdapter - Downloading https://repo.maven.apache.org/maven2/org/springframework/cloud/spring-cloud-build-dependencies/1.3.5.RELEASE/spring-cloud-build-dependencies-1.3.5.RELEASE.pom
2017-11-13 00:10:53,006 [Worker-26] INFO  o.e.m.c.i.e.AbstractTransferListenerAdapter - Downloaded https://repo.maven.apache.org/maven2/org/springframework/cloud/spring-cloud-build-dependencies/1.3.5.RELEASE/spring-cloud-build-dependencies-1.3.5.RELEASE.pom
2017-11-13 00:10:53,060 [Worker-26] INFO  o.e.m.c.i.e.AbstractTransferListenerAdapter - Downloading https://repo.maven.apache.org/maven2/org/springframework/boot/spring-boot-dependencies/1.5.7.RELEASE/spring-boot-dependencies-1.5.7.RELEASE.pom
2017-11-13 00:10:53,337 [Worker-26] INFO  o.e.m.c.i.e.AbstractTransferListenerAdapter - Downloaded https://repo.maven.apache.org/maven2/org/springframework/boot/spring-boot-dependencies/1.5.7.RELEASE/spring-boot-dependencies-1.5.7.RELEASE.pom
2017-11-13 00:10:53,396 [Worker-26] INFO  o.e.m.c.i.e.AbstractTransferListenerAdapter - Downloading https://repo.maven.apache.org/maven2/org/springframework/spring-framework-bom/4.3.11.RELEASE/spring-framework-bom-4.3.11.RELEASE.pom
2017-11-13 00:10:53,462 [Worker-26] INFO  o.e.m.c.i.e.AbstractTransferListenerAdapter - Downloaded https://repo.maven.apache.org/maven2/org/springframework/spring-framework-bom/4.3.11.RELEASE/spring-framework-bom-4.3.11.RELEASE.pom
2017-11-13 00:10:53,509 [Worker-26] INFO  o.e.m.c.i.e.AbstractTransferListenerAdapter - Downloading https://repo.maven.apache.org/maven2/org/springframework/data/spring-data-releasetrain/Ingalls-SR7/spring-data-releasetrain-Ingalls-SR7.pom
2017-11-13 00:10:53,579 [Worker-26] INFO  o.e.m.c.i.e.AbstractTransferListenerAdapter - Downloaded https://repo.maven.apache.org/maven2/org/springframework/data/spring-data-releasetrain/Ingalls-SR7/spring-data-releasetrain-Ingalls-SR7.pom
2017-11-13 00:10:53,625 [Worker-26] INFO  o.e.m.c.i.e.AbstractTransferListenerAdapter - Downloading https://repo.maven.apache.org/maven2/org/springframework/data/build/spring-data-build/1.9.7.RELEASE/spring-data-build-1.9.7.RELEASE.pom
2017-11-13 00:10:53,696 [Worker-26] INFO  o.e.m.c.i.e.AbstractTransferListenerAdapter - Downloaded https://repo.maven.apache.org/maven2/org/springframework/data/build/spring-data-build/1.9.7.RELEASE/spring-data-build-1.9.7.RELEASE.pom
2017-11-13 00:10:53,797 [Worker-26] INFO  o.e.m.c.i.e.AbstractTransferListenerAdapter - Downloading https://repo.maven.apache.org/maven2/org/springframework/boot/spring-boot-starter/1.5.8.RELEASE/spring-boot-starter-1.5.8.RELEASE.pom
2017-11-13 00:10:53,839 [Worker-26] INFO  o.e.m.c.i.e.AbstractTransferListenerAdapter - Downloaded https://repo.maven.apache.org/maven2/org/springframework/boot/spring-boot-starter/1.5.8.RELEASE/spring-boot-starter-1.5.8.RELEASE.pom
2017-11-13 00:10:53,944 [Worker-26] INFO  o.e.m.c.i.e.AbstractTransferListenerAdapter - Downloading https://repo.maven.apache.org/maven2/org/springframework/boot/spring-boot-starters/1.5.8.RELEASE/spring-boot-starters-1.5.8.RELEASE.pom
2017-11-13 00:10:53,991 [Worker-26] INFO  o.e.m.c.i.e.AbstractTransferListenerAdapter - Downloaded https://repo.maven.apache.org/maven2/org/springframework/boot/spring-boot-starters/1.5.8.RELEASE/spring-boot-starters-1.5.8.RELEASE.pom
2017-11-13 00:10:54,074 [Worker-26] INFO  o.e.m.c.i.e.AbstractTransferListenerAdapter - Downloading https://repo.maven.apache.org/maven2/org/springframework/boot/spring-boot/1.5.8.RELEASE/spring-boot-1.5.8.RELEASE.pom
2017-11-13 00:10:54,115 [Worker-26] INFO  o.e.m.c.i.e.AbstractTransferListenerAdapter - Downloaded https://repo.maven.apache.org/maven2/org/springframework/boot/spring-boot/1.5.8.RELEASE/spring-boot-1.5.8.RELEASE.pom
2017-11-13 00:10:54,175 [Worker-26] INFO  o.e.m.c.i.e.AbstractTransferListenerAdapter - Downloading https://repo.maven.apache.org/maven2/org/springframework/spring-core/4.3.12.RELEASE/spring-core-4.3.12.RELEASE.pom
2017-11-13 00:10:54,210 [Worker-26] INFO  o.e.m.c.i.e.AbstractTransferListenerAdapter - Downloaded https://repo.maven.apache.org/maven2/org/springframework/spring-core/4.3.12.RELEASE/spring-core-4.3.12.RELEASE.pom
2017-11-13 00:10:54,256 [Worker-26] INFO  o.e.m.c.i.e.AbstractTransferListenerAdapter - Downloading https://repo.maven.apache.org/maven2/org/springframework/spring-context/4.3.12.RELEASE/spring-context-4.3.12.RELEASE.pom
2017-11-13 00:10:54,303 [Worker-26] INFO  o.e.m.c.i.e.AbstractTransferListenerAdapter - Downloaded https://repo.maven.apache.org/maven2/org/springframework/spring-context/4.3.12.RELEASE/spring-context-4.3.12.RELEASE.pom
2017-11-13 00:10:54,381 [Worker-26] INFO  o.e.m.c.i.e.AbstractTransferListenerAdapter - Downloading https://repo.maven.apache.org/maven2/org/springframework/spring-aop/4.3.12.RELEASE/spring-aop-4.3.12.RELEASE.pom
2017-11-13 00:10:54,422 [Worker-26] INFO  o.e.m.c.i.e.AbstractTransferListenerAdapter - Downloaded https://repo.maven.apache.org/maven2/org/springframework/spring-aop/4.3.12.RELEASE/spring-aop-4.3.12.RELEASE.pom
2017-11-13 00:10:54,471 [Worker-26] INFO  o.e.m.c.i.e.AbstractTransferListenerAdapter - Downloading https://repo.maven.apache.org/maven2/org/springframework/spring-beans/4.3.12.RELEASE/spring-beans-4.3.12.RELEASE.pom
2017-11-13 00:10:54,785 [Worker-26] INFO  o.e.m.c.i.e.AbstractTransferListenerAdapter - Downloaded https://repo.maven.apache.org/maven2/org/springframework/spring-beans/4.3.12.RELEASE/spring-beans-4.3.12.RELEASE.pom
2017-11-13 00:10:54,830 [Worker-26] INFO  o.e.m.c.i.e.AbstractTransferListenerAdapter - Downloading https://repo.maven.apache.org/maven2/org/springframework/spring-expression/4.3.12.RELEASE/spring-expression-4.3.12.RELEASE.pom
2017-11-13 00:10:54,943 [Worker-26] INFO  o.e.m.c.i.e.AbstractTransferListenerAdapter - Downloaded https://repo.maven.apache.org/maven2/org/springframework/spring-expression/4.3.12.RELEASE/spring-expression-4.3.12.RELEASE.pom
2017-11-13 00:10:55,028 [Worker-26] INFO  o.e.m.c.i.e.AbstractTransferListenerAdapter - Downloading https://repo.maven.apache.org/maven2/org/springframework/boot/spring-boot-autoconfigure/1.5.8.RELEASE/spring-boot-autoconfigure-1.5.8.RELEASE.pom
2017-11-13 00:10:55,077 [Worker-26] INFO  o.e.m.c.i.e.AbstractTransferListenerAdapter - Downloaded https://repo.maven.apache.org/maven2/org/springframework/boot/spring-boot-autoconfigure/1.5.8.RELEASE/spring-boot-autoconfigure-1.5.8.RELEASE.pom
2017-11-13 00:10:55,164 [Worker-26] INFO  o.e.m.c.i.e.AbstractTransferListenerAdapter - Downloading https://repo.maven.apache.org/maven2/org/springframework/boot/spring-boot-starter-logging/1.5.8.RELEASE/spring-boot-starter-logging-1.5.8.RELEASE.pom
2017-11-13 00:10:55,204 [Worker-26] INFO  o.e.m.c.i.e.AbstractTransferListenerAdapter - Downloaded https://repo.maven.apache.org/maven2/org/springframework/boot/spring-boot-starter-logging/1.5.8.RELEASE/spring-boot-starter-logging-1.5.8.RELEASE.pom
2017-11-13 00:10:55,530 [Worker-26] INFO  o.e.m.c.i.e.AbstractTransferListenerAdapter - Downloading https://repo.maven.apache.org/maven2/org/springframework/cloud/spring-cloud-context/1.2.4.RELEASE/spring-cloud-context-1.2.4.RELEASE.pom
2017-11-13 00:10:55,600 [Worker-26] INFO  o.e.m.c.i.e.AbstractTransferListenerAdapter - Downloaded https://repo.maven.apache.org/maven2/org/springframework/cloud/spring-cloud-context/1.2.4.RELEASE/spring-cloud-context-1.2.4.RELEASE.pom
2017-11-13 00:10:55,741 [Worker-26] INFO  o.e.m.c.i.e.AbstractTransferListenerAdapter - Downloading https://repo.maven.apache.org/maven2/org/springframework/cloud/spring-cloud-commons/1.2.4.RELEASE/spring-cloud-commons-1.2.4.RELEASE.pom
2017-11-13 00:10:55,837 [Worker-26] INFO  o.e.m.c.i.e.AbstractTransferListenerAdapter - Downloaded https://repo.maven.apache.org/maven2/org/springframework/cloud/spring-cloud-commons/1.2.4.RELEASE/spring-cloud-commons-1.2.4.RELEASE.pom
2017-11-13 00:10:56,018 [Worker-26] INFO  o.e.m.c.i.e.AbstractTransferListenerAdapter - Downloading https://repo.maven.apache.org/maven2/org/springframework/boot/spring-boot-starter-actuator/1.5.8.RELEASE/spring-boot-starter-actuator-1.5.8.RELEASE.pom
2017-11-13 00:10:56,053 [Worker-26] INFO  o.e.m.c.i.e.AbstractTransferListenerAdapter - Downloaded https://repo.maven.apache.org/maven2/org/springframework/boot/spring-boot-starter-actuator/1.5.8.RELEASE/spring-boot-starter-actuator-1.5.8.RELEASE.pom
2017-11-13 00:10:56,122 [Worker-26] INFO  o.e.m.c.i.e.AbstractTransferListenerAdapter - Downloading https://repo.maven.apache.org/maven2/org/springframework/boot/spring-boot-actuator/1.5.8.RELEASE/spring-boot-actuator-1.5.8.RELEASE.pom
2017-11-13 00:10:56,160 [Worker-26] INFO  o.e.m.c.i.e.AbstractTransferListenerAdapter - Downloaded https://repo.maven.apache.org/maven2/org/springframework/boot/spring-boot-actuator/1.5.8.RELEASE/spring-boot-actuator-1.5.8.RELEASE.pom
2017-11-13 00:10:56,245 [Worker-26] INFO  o.e.m.c.i.e.AbstractTransferListenerAdapter - Downloading https://repo.maven.apache.org/maven2/com/fasterxml/jackson/core/jackson-databind/2.8.10/jackson-databind-2.8.10.pom
2017-11-13 00:10:56,304 [Worker-26] INFO  o.e.m.c.i.e.AbstractTransferListenerAdapter - Downloaded https://repo.maven.apache.org/maven2/com/fasterxml/jackson/core/jackson-databind/2.8.10/jackson-databind-2.8.10.pom
2017-11-13 00:10:56,428 [Worker-26] INFO  o.e.m.c.i.e.AbstractTransferListenerAdapter - Downloading https://repo.maven.apache.org/maven2/com/fasterxml/jackson/core/jackson-core/2.8.10/jackson-core-2.8.10.pom
2017-11-13 00:10:56,484 [Worker-26] INFO  o.e.m.c.i.e.AbstractTransferListenerAdapter - Downloaded https://repo.maven.apache.org/maven2/com/fasterxml/jackson/core/jackson-core/2.8.10/jackson-core-2.8.10.pom
2017-11-13 00:10:56,560 [Worker-26] INFO  o.e.m.c.i.e.AbstractTransferListenerAdapter - Downloading https://repo.maven.apache.org/maven2/org/springframework/cloud/spring-cloud-security/1.2.1.RELEASE/spring-cloud-security-1.2.1.RELEASE.pom
2017-11-13 00:10:56,602 [Worker-26] INFO  o.e.m.c.i.e.AbstractTransferListenerAdapter - Downloaded https://repo.maven.apache.org/maven2/org/springframework/cloud/spring-cloud-security/1.2.1.RELEASE/spring-cloud-security-1.2.1.RELEASE.pom
2017-11-13 00:10:56,665 [Worker-26] INFO  o.e.m.c.i.e.AbstractTransferListenerAdapter - Downloading https://repo.maven.apache.org/maven2/org/springframework/boot/spring-boot-starter-security/1.5.8.RELEASE/spring-boot-starter-security-1.5.8.RELEASE.pom
2017-11-13 00:10:56,705 [Worker-26] INFO  o.e.m.c.i.e.AbstractTransferListenerAdapter - Downloaded https://repo.maven.apache.org/maven2/org/springframework/boot/spring-boot-starter-security/1.5.8.RELEASE/spring-boot-starter-security-1.5.8.RELEASE.pom
2017-11-13 00:10:56,801 [Worker-26] INFO  o.e.m.c.i.e.AbstractTransferListenerAdapter - Downloading https://repo.maven.apache.org/maven2/org/springframework/security/spring-security-config/4.2.3.RELEASE/spring-security-config-4.2.3.RELEASE.pom
2017-11-13 00:10:56,847 [Worker-26] INFO  o.e.m.c.i.e.AbstractTransferListenerAdapter - Downloaded https://repo.maven.apache.org/maven2/org/springframework/security/spring-security-config/4.2.3.RELEASE/spring-security-config-4.2.3.RELEASE.pom
2017-11-13 00:10:56,902 [Worker-26] INFO  o.e.m.c.i.e.AbstractTransferListenerAdapter - Downloading https://repo.maven.apache.org/maven2/org/springframework/security/spring-security-core/4.2.3.RELEASE/spring-security-core-4.2.3.RELEASE.pom
2017-11-13 00:10:56,946 [Worker-26] INFO  o.e.m.c.i.e.AbstractTransferListenerAdapter - Downloaded https://repo.maven.apache.org/maven2/org/springframework/security/spring-security-core/4.2.3.RELEASE/spring-security-core-4.2.3.RELEASE.pom
2017-11-13 00:10:57,020 [Worker-26] INFO  o.e.m.c.i.e.AbstractTransferListenerAdapter - Downloading https://repo.maven.apache.org/maven2/org/springframework/security/spring-security-web/4.2.3.RELEASE/spring-security-web-4.2.3.RELEASE.pom
2017-11-13 00:10:57,060 [Worker-26] INFO  o.e.m.c.i.e.AbstractTransferListenerAdapter - Downloaded https://repo.maven.apache.org/maven2/org/springframework/security/spring-security-web/4.2.3.RELEASE/spring-security-web-4.2.3.RELEASE.pom
2017-11-13 00:10:57,109 [Worker-26] INFO  o.e.m.c.i.e.AbstractTransferListenerAdapter - Downloading https://repo.maven.apache.org/maven2/org/springframework/spring-web/4.3.12.RELEASE/spring-web-4.3.12.RELEASE.pom
2017-11-13 00:10:57,149 [Worker-26] INFO  o.e.m.c.i.e.AbstractTransferListenerAdapter - Downloaded https://repo.maven.apache.org/maven2/org/springframework/spring-web/4.3.12.RELEASE/spring-web-4.3.12.RELEASE.pom
2017-11-13 00:10:57,212 [Worker-26] INFO  o.e.m.c.i.e.AbstractTransferListenerAdapter - Downloading https://repo.maven.apache.org/maven2/org/springframework/boot/spring-boot-starter-web/1.5.8.RELEASE/spring-boot-starter-web-1.5.8.RELEASE.pom
2017-11-13 00:10:57,254 [Worker-26] INFO  o.e.m.c.i.e.AbstractTransferListenerAdapter - Downloaded https://repo.maven.apache.org/maven2/org/springframework/boot/spring-boot-starter-web/1.5.8.RELEASE/spring-boot-starter-web-1.5.8.RELEASE.pom
2017-11-13 00:10:57,319 [Worker-26] INFO  o.e.m.c.i.e.AbstractTransferListenerAdapter - Downloading https://repo.maven.apache.org/maven2/org/springframework/boot/spring-boot-starter-tomcat/1.5.8.RELEASE/spring-boot-starter-tomcat-1.5.8.RELEASE.pom
2017-11-13 00:10:57,408 [Worker-26] INFO  o.e.m.c.i.e.AbstractTransferListenerAdapter - Downloaded https://repo.maven.apache.org/maven2/org/springframework/boot/spring-boot-starter-tomcat/1.5.8.RELEASE/spring-boot-starter-tomcat-1.5.8.RELEASE.pom
2017-11-13 00:10:57,527 [Worker-26] INFO  o.e.m.c.i.e.AbstractTransferListenerAdapter - Downloading https://repo.maven.apache.org/maven2/org/apache/tomcat/embed/tomcat-embed-core/8.5.23/tomcat-embed-core-8.5.23.pom
2017-11-13 00:10:57,571 [Worker-26] INFO  o.e.m.c.i.e.AbstractTransferListenerAdapter - Downloaded https://repo.maven.apache.org/maven2/org/apache/tomcat/embed/tomcat-embed-core/8.5.23/tomcat-embed-core-8.5.23.pom
2017-11-13 00:10:57,620 [Worker-26] INFO  o.e.m.c.i.e.AbstractTransferListenerAdapter - Downloading https://repo.maven.apache.org/maven2/org/apache/tomcat/tomcat-annotations-api/8.5.23/tomcat-annotations-api-8.5.23.pom
2017-11-13 00:10:57,673 [Worker-26] INFO  o.e.m.c.i.e.AbstractTransferListenerAdapter - Downloaded https://repo.maven.apache.org/maven2/org/apache/tomcat/tomcat-annotations-api/8.5.23/tomcat-annotations-api-8.5.23.pom
2017-11-13 00:10:57,727 [Worker-26] INFO  o.e.m.c.i.e.AbstractTransferListenerAdapter - Downloading https://repo.maven.apache.org/maven2/org/apache/tomcat/embed/tomcat-embed-el/8.5.23/tomcat-embed-el-8.5.23.pom
2017-11-13 00:10:57,764 [Worker-26] INFO  o.e.m.c.i.e.AbstractTransferListenerAdapter - Downloaded https://repo.maven.apache.org/maven2/org/apache/tomcat/embed/tomcat-embed-el/8.5.23/tomcat-embed-el-8.5.23.pom
2017-11-13 00:10:57,823 [Worker-26] INFO  o.e.m.c.i.e.AbstractTransferListenerAdapter - Downloading https://repo.maven.apache.org/maven2/org/apache/tomcat/embed/tomcat-embed-websocket/8.5.23/tomcat-embed-websocket-8.5.23.pom
2017-11-13 00:10:57,867 [Worker-26] INFO  o.e.m.c.i.e.AbstractTransferListenerAdapter - Downloaded https://repo.maven.apache.org/maven2/org/apache/tomcat/embed/tomcat-embed-websocket/8.5.23/tomcat-embed-websocket-8.5.23.pom
2017-11-13 00:10:58,438 [Worker-26] INFO  o.e.m.c.i.e.AbstractTransferListenerAdapter - Downloading https://repo.maven.apache.org/maven2/com/fasterxml/classmate/1.3.4/classmate-1.3.4.pom
2017-11-13 00:10:58,480 [Worker-26] INFO  o.e.m.c.i.e.AbstractTransferListenerAdapter - Downloaded https://repo.maven.apache.org/maven2/com/fasterxml/classmate/1.3.4/classmate-1.3.4.pom
2017-11-13 00:10:58,608 [Worker-26] INFO  o.e.m.c.i.e.AbstractTransferListenerAdapter - Downloading https://repo.maven.apache.org/maven2/org/springframework/spring-webmvc/4.3.12.RELEASE/spring-webmvc-4.3.12.RELEASE.pom
2017-11-13 00:10:58,731 [Worker-26] INFO  o.e.m.c.i.e.AbstractTransferListenerAdapter - Downloaded https://repo.maven.apache.org/maven2/org/springframework/spring-webmvc/4.3.12.RELEASE/spring-webmvc-4.3.12.RELEASE.pom
2017-11-13 00:10:58,785 [Worker-26] INFO  o.e.m.c.i.e.AbstractTransferListenerAdapter - Downloading https://repo.maven.apache.org/maven2/org/springframework/security/oauth/spring-security-oauth2/2.0.14.RELEASE/spring-security-oauth2-2.0.14.RELEASE.pom
2017-11-13 00:10:58,830 [Worker-26] INFO  o.e.m.c.i.e.AbstractTransferListenerAdapter - Downloaded https://repo.maven.apache.org/maven2/org/springframework/security/oauth/spring-security-oauth2/2.0.14.RELEASE/spring-security-oauth2-2.0.14.RELEASE.pom
2017-11-13 00:10:58,873 [Worker-26] INFO  o.e.m.c.i.e.AbstractTransferListenerAdapter - Downloading https://repo.maven.apache.org/maven2/org/springframework/security/oauth/spring-security-oauth-parent/2.0.14.RELEASE/spring-security-oauth-parent-2.0.14.RELEASE.pom
2017-11-13 00:10:58,926 [Worker-26] INFO  o.e.m.c.i.e.AbstractTransferListenerAdapter - Downloaded https://repo.maven.apache.org/maven2/org/springframework/security/oauth/spring-security-oauth-parent/2.0.14.RELEASE/spring-security-oauth-parent-2.0.14.RELEASE.pom
2017-11-13 00:10:59,157 [Worker-26] INFO  o.e.m.c.i.e.AbstractTransferListenerAdapter - Downloading https://repo.maven.apache.org/maven2/org/codehaus/jackson/jackson-mapper-asl/1.9.13/jackson-mapper-asl-1.9.13.pom
2017-11-13 00:10:59,197 [Worker-26] INFO  o.e.m.c.i.e.AbstractTransferListenerAdapter - Downloaded https://repo.maven.apache.org/maven2/org/codehaus/jackson/jackson-mapper-asl/1.9.13/jackson-mapper-asl-1.9.13.pom
2017-11-13 00:10:59,236 [Worker-26] INFO  o.e.m.c.i.e.AbstractTransferListenerAdapter - Downloading https://repo.maven.apache.org/maven2/org/codehaus/jackson/jackson-core-asl/1.9.13/jackson-core-asl-1.9.13.pom
2017-11-13 00:10:59,272 [Worker-26] INFO  o.e.m.c.i.e.AbstractTransferListenerAdapter - Downloaded https://repo.maven.apache.org/maven2/org/codehaus/jackson/jackson-core-asl/1.9.13/jackson-core-asl-1.9.13.pom
2017-11-13 00:10:59,318 [Worker-26] INFO  o.e.m.c.i.e.AbstractTransferListenerAdapter - Downloading https://repo.maven.apache.org/maven2/org/springframework/security/spring-security-jwt/1.0.8.RELEASE/spring-security-jwt-1.0.8.RELEASE.pom
2017-11-13 00:10:59,367 [Worker-26] INFO  o.e.m.c.i.e.AbstractTransferListenerAdapter - Downloaded https://repo.maven.apache.org/maven2/org/springframework/security/spring-security-jwt/1.0.8.RELEASE/spring-security-jwt-1.0.8.RELEASE.pom
2017-11-13 00:10:59,616 [Worker-26] INFO  o.e.m.c.i.e.AbstractTransferListenerAdapter - Downloading https://repo.maven.apache.org/maven2/org/springframework/boot/spring-boot-starter-thymeleaf/1.5.8.RELEASE/spring-boot-starter-thymeleaf-1.5.8.RELEASE.pom
2017-11-13 00:10:59,660 [Worker-26] INFO  o.e.m.c.i.e.AbstractTransferListenerAdapter - Downloaded https://repo.maven.apache.org/maven2/org/springframework/boot/spring-boot-starter-thymeleaf/1.5.8.RELEASE/spring-boot-starter-thymeleaf-1.5.8.RELEASE.pom
2017-11-13 00:10:59,727 [Worker-26] INFO  o.e.m.c.i.e.AbstractTransferListenerAdapter - Downloading https://repo.maven.apache.org/maven2/org/thymeleaf/thymeleaf-spring4/2.1.5.RELEASE/thymeleaf-spring4-2.1.5.RELEASE.pom
2017-11-13 00:10:59,775 [Worker-26] INFO  o.e.m.c.i.e.AbstractTransferListenerAdapter - Downloaded https://repo.maven.apache.org/maven2/org/thymeleaf/thymeleaf-spring4/2.1.5.RELEASE/thymeleaf-spring4-2.1.5.RELEASE.pom
2017-11-13 00:10:59,824 [Worker-26] INFO  o.e.m.c.i.e.AbstractTransferListenerAdapter - Downloading https://repo.maven.apache.org/maven2/org/thymeleaf/thymeleaf/2.1.5.RELEASE/thymeleaf-2.1.5.RELEASE.pom
2017-11-13 00:10:59,862 [Worker-26] INFO  o.e.m.c.i.e.AbstractTransferListenerAdapter - Downloaded https://repo.maven.apache.org/maven2/org/thymeleaf/thymeleaf/2.1.5.RELEASE/thymeleaf-2.1.5.RELEASE.pom
2017-11-13 00:10:59,914 [Worker-26] INFO  o.e.m.c.i.e.AbstractTransferListenerAdapter - Downloading https://repo.maven.apache.org/maven2/ognl/ognl/3.0.8/ognl-3.0.8.pom
2017-11-13 00:10:59,946 [Worker-26] INFO  o.e.m.c.i.e.AbstractTransferListenerAdapter - Downloaded https://repo.maven.apache.org/maven2/ognl/ognl/3.0.8/ognl-3.0.8.pom
2017-11-13 00:11:00,078 [Worker-26] INFO  o.e.m.c.i.e.AbstractTransferListenerAdapter - Downloading https://repo.maven.apache.org/maven2/org/unbescape/unbescape/1.1.0.RELEASE/unbescape-1.1.0.RELEASE.pom
2017-11-13 00:11:00,121 [Worker-26] INFO  o.e.m.c.i.e.AbstractTransferListenerAdapter - Downloaded https://repo.maven.apache.org/maven2/org/unbescape/unbescape/1.1.0.RELEASE/unbescape-1.1.0.RELEASE.pom
2017-11-13 00:11:00,178 [Worker-26] INFO  o.e.m.c.i.e.AbstractTransferListenerAdapter - Downloading https://repo.maven.apache.org/maven2/nz/net/ultraq/thymeleaf/thymeleaf-layout-dialect/1.4.0/thymeleaf-layout-dialect-1.4.0.pom
2017-11-13 00:11:00,228 [Worker-26] INFO  o.e.m.c.i.e.AbstractTransferListenerAdapter - Downloaded https://repo.maven.apache.org/maven2/nz/net/ultraq/thymeleaf/thymeleaf-layout-dialect/1.4.0/thymeleaf-layout-dialect-1.4.0.pom
2017-11-13 00:11:00,282 [Worker-26] INFO  o.e.m.c.i.e.AbstractTransferListenerAdapter - Downloading https://repo.maven.apache.org/maven2/org/codehaus/groovy/groovy/2.4.12/groovy-2.4.12.pom
2017-11-13 00:11:00,328 [Worker-26] INFO  o.e.m.c.i.e.AbstractTransferListenerAdapter - Downloaded https://repo.maven.apache.org/maven2/org/codehaus/groovy/groovy/2.4.12/groovy-2.4.12.pom
2017-11-13 00:11:00,387 [Worker-26] INFO  o.e.m.c.i.e.AbstractTransferListenerAdapter - Downloading https://repo.maven.apache.org/maven2/org/springframework/boot/spring-boot-starter-test/1.5.8.RELEASE/spring-boot-starter-test-1.5.8.RELEASE.pom
2017-11-13 00:11:00,426 [Worker-26] INFO  o.e.m.c.i.e.AbstractTransferListenerAdapter - Downloaded https://repo.maven.apache.org/maven2/org/springframework/boot/spring-boot-starter-test/1.5.8.RELEASE/spring-boot-starter-test-1.5.8.RELEASE.pom
2017-11-13 00:11:00,524 [Worker-26] INFO  o.e.m.c.i.e.AbstractTransferListenerAdapter - Downloading https://repo.maven.apache.org/maven2/org/springframework/boot/spring-boot-test/1.5.8.RELEASE/spring-boot-test-1.5.8.RELEASE.pom
2017-11-13 00:11:00,561 [Worker-26] INFO  o.e.m.c.i.e.AbstractTransferListenerAdapter - Downloaded https://repo.maven.apache.org/maven2/org/springframework/boot/spring-boot-test/1.5.8.RELEASE/spring-boot-test-1.5.8.RELEASE.pom
2017-11-13 00:11:00,630 [Worker-26] INFO  o.e.m.c.i.e.AbstractTransferListenerAdapter - Downloading https://repo.maven.apache.org/maven2/org/springframework/boot/spring-boot-test-autoconfigure/1.5.8.RELEASE/spring-boot-test-autoconfigure-1.5.8.RELEASE.pom
2017-11-13 00:11:00,674 [Worker-26] INFO  o.e.m.c.i.e.AbstractTransferListenerAdapter - Downloaded https://repo.maven.apache.org/maven2/org/springframework/boot/spring-boot-test-autoconfigure/1.5.8.RELEASE/spring-boot-test-autoconfigure-1.5.8.RELEASE.pom
2017-11-13 00:11:01,140 [Worker-26] INFO  o.e.m.c.i.e.AbstractTransferListenerAdapter - Downloading https://repo.maven.apache.org/maven2/org/springframework/spring-test/4.3.12.RELEASE/spring-test-4.3.12.RELEASE.pom
2017-11-13 00:11:01,185 [Worker-26] INFO  o.e.m.c.i.e.AbstractTransferListenerAdapter - Downloaded https://repo.maven.apache.org/maven2/org/springframework/spring-test/4.3.12.RELEASE/spring-test-4.3.12.RELEASE.pom
2017-11-13 00:11:01,741 [Worker-26] INFO  o.e.m.c.i.e.AbstractTransferListenerAdapter - Downloading https://repo.maven.apache.org/maven2/org/springframework/cloud/spring-cloud-starter-oauth2/1.2.1.RELEASE/spring-cloud-starter-oauth2-1.2.1.RELEASE.jar
2017-11-13 00:11:01,805 [Worker-26] INFO  o.e.m.c.i.e.AbstractTransferListenerAdapter - Downloaded https://repo.maven.apache.org/maven2/org/springframework/cloud/spring-cloud-starter-oauth2/1.2.1.RELEASE/spring-cloud-starter-oauth2-1.2.1.RELEASE.jar
2017-11-13 00:11:01,844 [Worker-26] INFO  o.e.m.c.i.e.AbstractTransferListenerAdapter - Downloading https://repo.maven.apache.org/maven2/org/springframework/cloud/spring-cloud-starter-security/1.2.1.RELEASE/spring-cloud-starter-security-1.2.1.RELEASE.jar
2017-11-13 00:11:01,883 [Worker-26] INFO  o.e.m.c.i.e.AbstractTransferListenerAdapter - Downloaded https://repo.maven.apache.org/maven2/org/springframework/cloud/spring-cloud-starter-security/1.2.1.RELEASE/spring-cloud-starter-security-1.2.1.RELEASE.jar
2017-11-13 00:11:01,923 [Worker-26] INFO  o.e.m.c.i.e.AbstractTransferListenerAdapter - Downloading https://repo.maven.apache.org/maven2/org/springframework/cloud/spring-cloud-starter/1.2.4.RELEASE/spring-cloud-starter-1.2.4.RELEASE.jar
2017-11-13 00:11:01,964 [Worker-26] INFO  o.e.m.c.i.e.AbstractTransferListenerAdapter - Downloaded https://repo.maven.apache.org/maven2/org/springframework/cloud/spring-cloud-starter/1.2.4.RELEASE/spring-cloud-starter-1.2.4.RELEASE.jar
2017-11-13 00:11:01,991 [Worker-26] INFO  o.e.m.c.i.e.AbstractTransferListenerAdapter - Downloading https://repo.maven.apache.org/maven2/org/springframework/cloud/spring-cloud-context/1.2.4.RELEASE/spring-cloud-context-1.2.4.RELEASE.jar
2017-11-13 00:11:02,121 [Worker-26] INFO  o.e.m.c.i.e.AbstractTransferListenerAdapter - Downloaded https://repo.maven.apache.org/maven2/org/springframework/cloud/spring-cloud-context/1.2.4.RELEASE/spring-cloud-context-1.2.4.RELEASE.jar
2017-11-13 00:11:02,169 [Worker-26] INFO  o.e.m.c.i.e.AbstractTransferListenerAdapter - Downloading https://repo.maven.apache.org/maven2/org/springframework/cloud/spring-cloud-commons/1.2.4.RELEASE/spring-cloud-commons-1.2.4.RELEASE.jar
2017-11-13 00:11:02,244 [Worker-26] INFO  o.e.m.c.i.e.AbstractTransferListenerAdapter - Downloaded https://repo.maven.apache.org/maven2/org/springframework/cloud/spring-cloud-commons/1.2.4.RELEASE/spring-cloud-commons-1.2.4.RELEASE.jar
2017-11-13 00:11:02,287 [Worker-26] INFO  o.e.m.c.i.e.AbstractTransferListenerAdapter - Downloading https://repo.maven.apache.org/maven2/org/springframework/boot/spring-boot-starter-actuator/1.5.8.RELEASE/spring-boot-starter-actuator-1.5.8.RELEASE.jar
2017-11-13 00:11:02,341 [Worker-26] INFO  o.e.m.c.i.e.AbstractTransferListenerAdapter - Downloaded https://repo.maven.apache.org/maven2/org/springframework/boot/spring-boot-starter-actuator/1.5.8.RELEASE/spring-boot-starter-actuator-1.5.8.RELEASE.jar
2017-11-13 00:11:02,369 [Worker-26] INFO  o.e.m.c.i.e.AbstractTransferListenerAdapter - Downloading https://repo.maven.apache.org/maven2/org/springframework/boot/spring-boot-actuator/1.5.8.RELEASE/spring-boot-actuator-1.5.8.RELEASE.jar
2017-11-13 00:11:02,848 [Worker-26] INFO  o.e.m.c.i.e.AbstractTransferListenerAdapter - Downloaded https://repo.maven.apache.org/maven2/org/springframework/boot/spring-boot-actuator/1.5.8.RELEASE/spring-boot-actuator-1.5.8.RELEASE.jar
2017-11-13 00:11:02,891 [Worker-26] INFO  o.e.m.c.i.e.AbstractTransferListenerAdapter - Downloading https://repo.maven.apache.org/maven2/org/springframework/cloud/spring-cloud-security/1.2.1.RELEASE/spring-cloud-security-1.2.1.RELEASE.jar
2017-11-13 00:11:02,953 [Worker-26] INFO  o.e.m.c.i.e.AbstractTransferListenerAdapter - Downloaded https://repo.maven.apache.org/maven2/org/springframework/cloud/spring-cloud-security/1.2.1.RELEASE/spring-cloud-security-1.2.1.RELEASE.jar
2017-11-13 00:11:02,984 [Worker-26] INFO  o.e.m.c.i.e.AbstractTransferListenerAdapter - Downloading https://repo.maven.apache.org/maven2/org/springframework/boot/spring-boot-starter-security/1.5.8.RELEASE/spring-boot-starter-security-1.5.8.RELEASE.jar
2017-11-13 00:11:03,021 [Worker-26] INFO  o.e.m.c.i.e.AbstractTransferListenerAdapter - Downloaded https://repo.maven.apache.org/maven2/org/springframework/boot/spring-boot-starter-security/1.5.8.RELEASE/spring-boot-starter-security-1.5.8.RELEASE.jar
2017-11-13 00:11:03,051 [Worker-26] INFO  o.e.m.c.i.e.AbstractTransferListenerAdapter - Downloading https://repo.maven.apache.org/maven2/org/springframework/security/oauth/spring-security-oauth2/2.0.14.RELEASE/spring-security-oauth2-2.0.14.RELEASE.jar
2017-11-13 00:11:03,333 [Worker-26] INFO  o.e.m.c.i.e.AbstractTransferListenerAdapter - Downloaded https://repo.maven.apache.org/maven2/org/springframework/security/oauth/spring-security-oauth2/2.0.14.RELEASE/spring-security-oauth2-2.0.14.RELEASE.jar
2017-11-13 00:11:03,370 [Worker-26] INFO  o.e.m.c.i.e.AbstractTransferListenerAdapter - Downloading https://repo.maven.apache.org/maven2/org/springframework/spring-beans/4.3.12.RELEASE/spring-beans-4.3.12.RELEASE.jar
2017-11-13 00:11:03,765 [Worker-26] INFO  o.e.m.c.i.e.AbstractTransferListenerAdapter - Downloaded https://repo.maven.apache.org/maven2/org/springframework/spring-beans/4.3.12.RELEASE/spring-beans-4.3.12.RELEASE.jar
2017-11-13 00:11:03,803 [Worker-26] INFO  o.e.m.c.i.e.AbstractTransferListenerAdapter - Downloading https://repo.maven.apache.org/maven2/org/springframework/spring-context/4.3.12.RELEASE/spring-context-4.3.12.RELEASE.jar
2017-11-13 00:11:04,420 [Worker-26] INFO  o.e.m.c.i.e.AbstractTransferListenerAdapter - Downloaded https://repo.maven.apache.org/maven2/org/springframework/spring-context/4.3.12.RELEASE/spring-context-4.3.12.RELEASE.jar
2017-11-13 00:11:04,455 [Worker-26] INFO  o.e.m.c.i.e.AbstractTransferListenerAdapter - Downloading https://repo.maven.apache.org/maven2/org/springframework/security/spring-security-core/4.2.3.RELEASE/spring-security-core-4.2.3.RELEASE.jar
2017-11-13 00:11:04,697 [Worker-26] INFO  o.e.m.c.i.e.AbstractTransferListenerAdapter - Downloaded https://repo.maven.apache.org/maven2/org/springframework/security/spring-security-core/4.2.3.RELEASE/spring-security-core-4.2.3.RELEASE.jar
2017-11-13 00:11:04,733 [Worker-26] INFO  o.e.m.c.i.e.AbstractTransferListenerAdapter - Downloading https://repo.maven.apache.org/maven2/org/springframework/security/spring-security-config/4.2.3.RELEASE/spring-security-config-4.2.3.RELEASE.jar
2017-11-13 00:11:05,034 [Worker-26] INFO  o.e.m.c.i.e.AbstractTransferListenerAdapter - Downloaded https://repo.maven.apache.org/maven2/org/springframework/security/spring-security-config/4.2.3.RELEASE/spring-security-config-4.2.3.RELEASE.jar
2017-11-13 00:11:05,062 [Worker-26] INFO  o.e.m.c.i.e.AbstractTransferListenerAdapter - Downloading https://repo.maven.apache.org/maven2/org/springframework/security/spring-security-web/4.2.3.RELEASE/spring-security-web-4.2.3.RELEASE.jar
2017-11-13 00:11:05,286 [Worker-26] INFO  o.e.m.c.i.e.AbstractTransferListenerAdapter - Downloaded https://repo.maven.apache.org/maven2/org/springframework/security/spring-security-web/4.2.3.RELEASE/spring-security-web-4.2.3.RELEASE.jar
2017-11-13 00:11:05,337 [Worker-26] INFO  o.e.m.c.i.e.AbstractTransferListenerAdapter - Downloading https://repo.maven.apache.org/maven2/org/codehaus/jackson/jackson-mapper-asl/1.9.13/jackson-mapper-asl-1.9.13.jar
2017-11-13 00:11:05,843 [Worker-26] INFO  o.e.m.c.i.e.AbstractTransferListenerAdapter - Downloaded https://repo.maven.apache.org/maven2/org/codehaus/jackson/jackson-mapper-asl/1.9.13/jackson-mapper-asl-1.9.13.jar
2017-11-13 00:11:05,870 [Worker-26] INFO  o.e.m.c.i.e.AbstractTransferListenerAdapter - Downloading https://repo.maven.apache.org/maven2/org/codehaus/jackson/jackson-core-asl/1.9.13/jackson-core-asl-1.9.13.jar
2017-11-13 00:11:06,038 [Worker-26] INFO  o.e.m.c.i.e.AbstractTransferListenerAdapter - Downloaded https://repo.maven.apache.org/maven2/org/codehaus/jackson/jackson-core-asl/1.9.13/jackson-core-asl-1.9.13.jar
2017-11-13 00:11:06,081 [Worker-26] INFO  o.e.m.c.i.e.AbstractTransferListenerAdapter - Downloading https://repo.maven.apache.org/maven2/org/springframework/security/spring-security-jwt/1.0.8.RELEASE/spring-security-jwt-1.0.8.RELEASE.jar
2017-11-13 00:11:06,223 [Worker-26] INFO  o.e.m.c.i.e.AbstractTransferListenerAdapter - Downloaded https://repo.maven.apache.org/maven2/org/springframework/security/spring-security-jwt/1.0.8.RELEASE/spring-security-jwt-1.0.8.RELEASE.jar
2017-11-13 00:11:06,257 [Worker-26] INFO  o.e.m.c.i.e.AbstractTransferListenerAdapter - Downloading https://repo.maven.apache.org/maven2/org/springframework/boot/spring-boot-starter-thymeleaf/1.5.8.RELEASE/spring-boot-starter-thymeleaf-1.5.8.RELEASE.jar
2017-11-13 00:11:06,297 [Worker-26] INFO  o.e.m.c.i.e.AbstractTransferListenerAdapter - Downloaded https://repo.maven.apache.org/maven2/org/springframework/boot/spring-boot-starter-thymeleaf/1.5.8.RELEASE/spring-boot-starter-thymeleaf-1.5.8.RELEASE.jar
2017-11-13 00:11:06,326 [Worker-26] INFO  o.e.m.c.i.e.AbstractTransferListenerAdapter - Downloading https://repo.maven.apache.org/maven2/org/springframework/boot/spring-boot-starter/1.5.8.RELEASE/spring-boot-starter-1.5.8.RELEASE.jar
2017-11-13 00:11:06,378 [Worker-26] INFO  o.e.m.c.i.e.AbstractTransferListenerAdapter - Downloaded https://repo.maven.apache.org/maven2/org/springframework/boot/spring-boot-starter/1.5.8.RELEASE/spring-boot-starter-1.5.8.RELEASE.jar
2017-11-13 00:11:06,409 [Worker-26] INFO  o.e.m.c.i.e.AbstractTransferListenerAdapter - Downloading https://repo.maven.apache.org/maven2/org/springframework/boot/spring-boot/1.5.8.RELEASE/spring-boot-1.5.8.RELEASE.jar
2017-11-13 00:11:06,763 [Worker-26] INFO  o.e.m.c.i.e.AbstractTransferListenerAdapter - Downloaded https://repo.maven.apache.org/maven2/org/springframework/boot/spring-boot/1.5.8.RELEASE/spring-boot-1.5.8.RELEASE.jar
2017-11-13 00:11:06,811 [Worker-26] INFO  o.e.m.c.i.e.AbstractTransferListenerAdapter - Downloading https://repo.maven.apache.org/maven2/org/springframework/boot/spring-boot-autoconfigure/1.5.8.RELEASE/spring-boot-autoconfigure-1.5.8.RELEASE.jar
2017-11-13 00:11:07,322 [Worker-26] INFO  o.e.m.c.i.e.AbstractTransferListenerAdapter - Downloaded https://repo.maven.apache.org/maven2/org/springframework/boot/spring-boot-autoconfigure/1.5.8.RELEASE/spring-boot-autoconfigure-1.5.8.RELEASE.jar
2017-11-13 00:11:07,359 [Worker-26] INFO  o.e.m.c.i.e.AbstractTransferListenerAdapter - Downloading https://repo.maven.apache.org/maven2/org/springframework/boot/spring-boot-starter-logging/1.5.8.RELEASE/spring-boot-starter-logging-1.5.8.RELEASE.jar
2017-11-13 00:11:07,392 [Worker-26] INFO  o.e.m.c.i.e.AbstractTransferListenerAdapter - Downloaded https://repo.maven.apache.org/maven2/org/springframework/boot/spring-boot-starter-logging/1.5.8.RELEASE/spring-boot-starter-logging-1.5.8.RELEASE.jar
2017-11-13 00:11:07,427 [Worker-26] INFO  o.e.m.c.i.e.AbstractTransferListenerAdapter - Downloading https://repo.maven.apache.org/maven2/org/thymeleaf/thymeleaf-spring4/2.1.5.RELEASE/thymeleaf-spring4-2.1.5.RELEASE.jar
2017-11-13 00:11:07,576 [Worker-26] INFO  o.e.m.c.i.e.AbstractTransferListenerAdapter - Downloaded https://repo.maven.apache.org/maven2/org/thymeleaf/thymeleaf-spring4/2.1.5.RELEASE/thymeleaf-spring4-2.1.5.RELEASE.jar
2017-11-13 00:11:07,621 [Worker-26] INFO  o.e.m.c.i.e.AbstractTransferListenerAdapter - Downloading https://repo.maven.apache.org/maven2/org/thymeleaf/thymeleaf/2.1.5.RELEASE/thymeleaf-2.1.5.RELEASE.jar
2017-11-13 00:11:08,077 [Worker-26] INFO  o.e.m.c.i.e.AbstractTransferListenerAdapter - Downloaded https://repo.maven.apache.org/maven2/org/thymeleaf/thymeleaf/2.1.5.RELEASE/thymeleaf-2.1.5.RELEASE.jar
2017-11-13 00:11:08,111 [Worker-26] INFO  o.e.m.c.i.e.AbstractTransferListenerAdapter - Downloading https://repo.maven.apache.org/maven2/ognl/ognl/3.0.8/ognl-3.0.8.jar
2017-11-13 00:11:08,266 [Worker-26] INFO  o.e.m.c.i.e.AbstractTransferListenerAdapter - Downloaded https://repo.maven.apache.org/maven2/ognl/ognl/3.0.8/ognl-3.0.8.jar
2017-11-13 00:11:08,312 [Worker-26] INFO  o.e.m.c.i.e.AbstractTransferListenerAdapter - Downloading https://repo.maven.apache.org/maven2/org/unbescape/unbescape/1.1.0.RELEASE/unbescape-1.1.0.RELEASE.jar
2017-11-13 00:11:08,414 [Worker-26] INFO  o.e.m.c.i.e.AbstractTransferListenerAdapter - Downloaded https://repo.maven.apache.org/maven2/org/unbescape/unbescape/1.1.0.RELEASE/unbescape-1.1.0.RELEASE.jar
2017-11-13 00:11:08,453 [Worker-26] INFO  o.e.m.c.i.e.AbstractTransferListenerAdapter - Downloading https://repo.maven.apache.org/maven2/nz/net/ultraq/thymeleaf/thymeleaf-layout-dialect/1.4.0/thymeleaf-layout-dialect-1.4.0.jar
2017-11-13 00:11:08,560 [Worker-26] INFO  o.e.m.c.i.e.AbstractTransferListenerAdapter - Downloaded https://repo.maven.apache.org/maven2/nz/net/ultraq/thymeleaf/thymeleaf-layout-dialect/1.4.0/thymeleaf-layout-dialect-1.4.0.jar
2017-11-13 00:11:08,600 [Worker-26] INFO  o.e.m.c.i.e.AbstractTransferListenerAdapter - Downloading https://repo.maven.apache.org/maven2/org/codehaus/groovy/groovy/2.4.12/groovy-2.4.12.jar
2017-11-13 00:11:11,043 [Worker-26] INFO  o.e.m.c.i.e.AbstractTransferListenerAdapter - Downloaded https://repo.maven.apache.org/maven2/org/codehaus/groovy/groovy/2.4.12/groovy-2.4.12.jar
2017-11-13 00:11:11,072 [Worker-26] INFO  o.e.m.c.i.e.AbstractTransferListenerAdapter - Downloading https://repo.maven.apache.org/maven2/org/springframework/boot/spring-boot-starter-web/1.5.8.RELEASE/spring-boot-starter-web-1.5.8.RELEASE.jar
2017-11-13 00:11:11,113 [Worker-26] INFO  o.e.m.c.i.e.AbstractTransferListenerAdapter - Downloaded https://repo.maven.apache.org/maven2/org/springframework/boot/spring-boot-starter-web/1.5.8.RELEASE/spring-boot-starter-web-1.5.8.RELEASE.jar
2017-11-13 00:11:11,152 [Worker-26] INFO  o.e.m.c.i.e.AbstractTransferListenerAdapter - Downloading https://repo.maven.apache.org/maven2/org/springframework/boot/spring-boot-starter-tomcat/1.5.8.RELEASE/spring-boot-starter-tomcat-1.5.8.RELEASE.jar
2017-11-13 00:11:11,187 [Worker-26] INFO  o.e.m.c.i.e.AbstractTransferListenerAdapter - Downloaded https://repo.maven.apache.org/maven2/org/springframework/boot/spring-boot-starter-tomcat/1.5.8.RELEASE/spring-boot-starter-tomcat-1.5.8.RELEASE.jar
2017-11-13 00:11:11,216 [Worker-26] INFO  o.e.m.c.i.e.AbstractTransferListenerAdapter - Downloading https://repo.maven.apache.org/maven2/org/apache/tomcat/embed/tomcat-embed-core/8.5.23/tomcat-embed-core-8.5.23.jar
2017-11-13 00:11:12,858 [Worker-26] INFO  o.e.m.c.i.e.AbstractTransferListenerAdapter - Downloaded https://repo.maven.apache.org/maven2/org/apache/tomcat/embed/tomcat-embed-core/8.5.23/tomcat-embed-core-8.5.23.jar
2017-11-13 00:11:12,896 [Worker-26] INFO  o.e.m.c.i.e.AbstractTransferListenerAdapter - Downloading https://repo.maven.apache.org/maven2/org/apache/tomcat/tomcat-annotations-api/8.5.23/tomcat-annotations-api-8.5.23.jar
2017-11-13 00:11:12,966 [Worker-26] INFO  o.e.m.c.i.e.AbstractTransferListenerAdapter - Downloaded https://repo.maven.apache.org/maven2/org/apache/tomcat/tomcat-annotations-api/8.5.23/tomcat-annotations-api-8.5.23.jar
2017-11-13 00:11:13,007 [Worker-26] INFO  o.e.m.c.i.e.AbstractTransferListenerAdapter - Downloading https://repo.maven.apache.org/maven2/org/apache/tomcat/embed/tomcat-embed-el/8.5.23/tomcat-embed-el-8.5.23.jar
2017-11-13 00:11:13,188 [Worker-26] INFO  o.e.m.c.i.e.AbstractTransferListenerAdapter - Downloaded https://repo.maven.apache.org/maven2/org/apache/tomcat/embed/tomcat-embed-el/8.5.23/tomcat-embed-el-8.5.23.jar
2017-11-13 00:11:13,226 [Worker-26] INFO  o.e.m.c.i.e.AbstractTransferListenerAdapter - Downloading https://repo.maven.apache.org/maven2/org/apache/tomcat/embed/tomcat-embed-websocket/8.5.23/tomcat-embed-websocket-8.5.23.jar
2017-11-13 00:11:13,352 [Worker-26] INFO  o.e.m.c.i.e.AbstractTransferListenerAdapter - Downloaded https://repo.maven.apache.org/maven2/org/apache/tomcat/embed/tomcat-embed-websocket/8.5.23/tomcat-embed-websocket-8.5.23.jar
2017-11-13 00:11:13,398 [Worker-26] INFO  o.e.m.c.i.e.AbstractTransferListenerAdapter - Downloading https://repo.maven.apache.org/maven2/com/fasterxml/classmate/1.3.4/classmate-1.3.4.jar
2017-11-13 00:11:13,483 [Worker-26] INFO  o.e.m.c.i.e.AbstractTransferListenerAdapter - Downloaded https://repo.maven.apache.org/maven2/com/fasterxml/classmate/1.3.4/classmate-1.3.4.jar
2017-11-13 00:11:13,533 [Worker-26] INFO  o.e.m.c.i.e.AbstractTransferListenerAdapter - Downloading https://repo.maven.apache.org/maven2/com/fasterxml/jackson/core/jackson-databind/2.8.10/jackson-databind-2.8.10.jar
2017-11-13 00:11:14,161 [Worker-26] INFO  o.e.m.c.i.e.AbstractTransferListenerAdapter - Downloaded https://repo.maven.apache.org/maven2/com/fasterxml/jackson/core/jackson-databind/2.8.10/jackson-databind-2.8.10.jar
2017-11-13 00:11:14,216 [Worker-26] INFO  o.e.m.c.i.e.AbstractTransferListenerAdapter - Downloading https://repo.maven.apache.org/maven2/com/fasterxml/jackson/core/jackson-core/2.8.10/jackson-core-2.8.10.jar
2017-11-13 00:11:14,417 [Worker-26] INFO  o.e.m.c.i.e.AbstractTransferListenerAdapter - Downloaded https://repo.maven.apache.org/maven2/com/fasterxml/jackson/core/jackson-core/2.8.10/jackson-core-2.8.10.jar
2017-11-13 00:11:14,460 [Worker-26] INFO  o.e.m.c.i.e.AbstractTransferListenerAdapter - Downloading https://repo.maven.apache.org/maven2/org/springframework/spring-web/4.3.12.RELEASE/spring-web-4.3.12.RELEASE.jar
2017-11-13 00:11:15,023 [Worker-26] INFO  o.e.m.c.i.e.AbstractTransferListenerAdapter - Downloaded https://repo.maven.apache.org/maven2/org/springframework/spring-web/4.3.12.RELEASE/spring-web-4.3.12.RELEASE.jar
2017-11-13 00:11:15,079 [Worker-26] INFO  o.e.m.c.i.e.AbstractTransferListenerAdapter - Downloading https://repo.maven.apache.org/maven2/org/springframework/spring-aop/4.3.12.RELEASE/spring-aop-4.3.12.RELEASE.jar
2017-11-13 00:11:15,325 [Worker-26] INFO  o.e.m.c.i.e.AbstractTransferListenerAdapter - Downloaded https://repo.maven.apache.org/maven2/org/springframework/spring-aop/4.3.12.RELEASE/spring-aop-4.3.12.RELEASE.jar
2017-11-13 00:11:15,373 [Worker-26] INFO  o.e.m.c.i.e.AbstractTransferListenerAdapter - Downloading https://repo.maven.apache.org/maven2/org/springframework/spring-webmvc/4.3.12.RELEASE/spring-webmvc-4.3.12.RELEASE.jar
2017-11-13 00:11:15,803 [Worker-26] INFO  o.e.m.c.i.e.AbstractTransferListenerAdapter - Downloaded https://repo.maven.apache.org/maven2/org/springframework/spring-webmvc/4.3.12.RELEASE/spring-webmvc-4.3.12.RELEASE.jar
2017-11-13 00:11:15,845 [Worker-26] INFO  o.e.m.c.i.e.AbstractTransferListenerAdapter - Downloading https://repo.maven.apache.org/maven2/org/springframework/spring-expression/4.3.12.RELEASE/spring-expression-4.3.12.RELEASE.jar
2017-11-13 00:11:16,005 [Worker-26] INFO  o.e.m.c.i.e.AbstractTransferListenerAdapter - Downloaded https://repo.maven.apache.org/maven2/org/springframework/spring-expression/4.3.12.RELEASE/spring-expression-4.3.12.RELEASE.jar
2017-11-13 00:11:16,035 [Worker-26] INFO  o.e.m.c.i.e.AbstractTransferListenerAdapter - Downloading https://repo.maven.apache.org/maven2/org/springframework/boot/spring-boot-starter-test/1.5.8.RELEASE/spring-boot-starter-test-1.5.8.RELEASE.jar
2017-11-13 00:11:16,096 [Worker-26] INFO  o.e.m.c.i.e.AbstractTransferListenerAdapter - Downloaded https://repo.maven.apache.org/maven2/org/springframework/boot/spring-boot-starter-test/1.5.8.RELEASE/spring-boot-starter-test-1.5.8.RELEASE.jar
2017-11-13 00:11:16,128 [Worker-26] INFO  o.e.m.c.i.e.AbstractTransferListenerAdapter - Downloading https://repo.maven.apache.org/maven2/org/springframework/boot/spring-boot-test/1.5.8.RELEASE/spring-boot-test-1.5.8.RELEASE.jar
2017-11-13 00:11:16,308 [Worker-26] INFO  o.e.m.c.i.e.AbstractTransferListenerAdapter - Downloaded https://repo.maven.apache.org/maven2/org/springframework/boot/spring-boot-test/1.5.8.RELEASE/spring-boot-test-1.5.8.RELEASE.jar
2017-11-13 00:11:16,368 [Worker-26] INFO  o.e.m.c.i.e.AbstractTransferListenerAdapter - Downloading https://repo.maven.apache.org/maven2/org/springframework/boot/spring-boot-test-autoconfigure/1.5.8.RELEASE/spring-boot-test-autoconfigure-1.5.8.RELEASE.jar
2017-11-13 00:11:16,462 [Worker-26] INFO  o.e.m.c.i.e.AbstractTransferListenerAdapter - Downloaded https://repo.maven.apache.org/maven2/org/springframework/boot/spring-boot-test-autoconfigure/1.5.8.RELEASE/spring-boot-test-autoconfigure-1.5.8.RELEASE.jar
2017-11-13 00:11:16,496 [Worker-26] INFO  o.e.m.c.i.e.AbstractTransferListenerAdapter - Downloading https://repo.maven.apache.org/maven2/org/springframework/spring-core/4.3.12.RELEASE/spring-core-4.3.12.RELEASE.jar
2017-11-13 00:11:17,048 [Worker-26] INFO  o.e.m.c.i.e.AbstractTransferListenerAdapter - Downloaded https://repo.maven.apache.org/maven2/org/springframework/spring-core/4.3.12.RELEASE/spring-core-4.3.12.RELEASE.jar
2017-11-13 00:11:17,084 [Worker-26] INFO  o.e.m.c.i.e.AbstractTransferListenerAdapter - Downloading https://repo.maven.apache.org/maven2/org/springframework/spring-test/4.3.12.RELEASE/spring-test-4.3.12.RELEASE.jar
2017-11-13 00:11:17,446 [Worker-26] INFO  o.e.m.c.i.e.AbstractTransferListenerAdapter - Downloaded https://repo.maven.apache.org/maven2/org/springframework/spring-test/4.3.12.RELEASE/spring-test-4.3.12.RELEASE.jar
2017-11-13 00:11:39,922 [Worker-26] INFO  o.e.m.j.i.AbstractJavaProjectConfigurator - Adding source folder /login-client_login-client/src/main/java
2017-11-13 00:11:39,924 [Worker-26] INFO  o.e.m.j.i.AbstractJavaProjectConfigurator - Adding resource folder /login-client_login-client/src/main/resources
2017-11-13 00:11:39,975 [Worker-26] INFO  o.e.m.j.i.AbstractJavaProjectConfigurator - Adding resource folder /login-client_login-client/src/main/resources
2017-11-13 00:11:40,018 [Worker-26] INFO  o.e.m.j.i.AbstractJavaProjectConfigurator - Adding source folder /login-client_login-client/src/test/java
2017-11-13 00:11:45,472 [Worker-23] INFO  o.e.m.c.i.embedder.EclipseLogger - Using 'UTF-8' encoding to copy filtered resources.
2017-11-13 00:11:45,488 [Worker-23] INFO  o.e.m.c.i.embedder.EclipseLogger - Copying 1 resource
2017-11-13 00:11:45,572 [Worker-23] INFO  o.e.m.c.i.embedder.EclipseLogger - Copying 0 resource
2017-11-13 00:11:45,581 [Worker-23] INFO  o.e.m.c.i.embedder.EclipseLogger - Using 'UTF-8' encoding to copy filtered resources.
2017-11-13 00:11:45,581 [Worker-23] INFO  o.e.m.c.i.embedder.EclipseLogger - skip non existing resourceDirectory F:\in 28 minutes\ecommerce\login-client\login-client\src\test\resources
2017-11-13 00:11:46,910 [Worker-23] INFO  o.e.m.c.i.l.LifecycleMappingFactory - Using org.eclipse.m2e.jdt.JarLifecycleMapping lifecycle mapping for MavenProject: com.login:login-server:0.0.1-SNAPSHOT @ F:\in 28 minutes\ecommerce\login-server\login-server\pom.xml.
2017-11-13 00:11:48,539 [Worker-23] INFO  o.e.m.c.i.embedder.EclipseLogger - Using 'UTF-8' encoding to copy filtered resources.
2017-11-13 00:11:48,541 [Worker-23] INFO  o.e.m.c.i.embedder.EclipseLogger - Copying 1 resource
2017-11-13 00:11:48,545 [Worker-23] INFO  o.e.m.c.i.embedder.EclipseLogger - Copying 0 resource
2017-11-13 00:11:48,552 [Worker-23] INFO  o.e.m.c.i.embedder.EclipseLogger - Using 'UTF-8' encoding to copy filtered resources.
2017-11-13 00:11:48,552 [Worker-23] INFO  o.e.m.c.i.embedder.EclipseLogger - skip non existing resourceDirectory F:\in 28 minutes\ecommerce\login-server\login-server\src\test\resources
2017-11-13 00:11:55,992 [Worker-28] INFO  o.e.m.c.i.embedder.EclipseLogger - Using 'UTF-8' encoding to copy filtered resources.
2017-11-13 00:11:56,024 [Worker-28] INFO  o.e.m.c.i.embedder.EclipseLogger - Copying 1 resource
2017-11-13 00:11:56,029 [Worker-28] INFO  o.e.m.c.i.embedder.EclipseLogger - Copying 0 resource
2017-11-13 00:11:56,037 [Worker-26] INFO  o.e.m.c.i.p.ProjectConfigurationManager - Update completed: 79 sec
2017-11-13 00:11:56,044 [Worker-28] INFO  o.e.m.c.i.embedder.EclipseLogger - Using 'UTF-8' encoding to copy filtered resources.
2017-11-13 00:11:56,044 [Worker-28] INFO  o.e.m.c.i.embedder.EclipseLogger - skip non existing resourceDirectory F:\in 28 minutes\ecommerce\login-client\login-client\src\test\resources
2017-11-13 00:11:56,042 [Worker-26] INFO  o.e.m.c.i.p.ProjectConfigurationManager - Update started
2017-11-13 00:11:58,339 [Worker-26] INFO  o.e.m.c.i.l.LifecycleMappingFactory - Using org.eclipse.m2e.jdt.JarLifecycleMapping lifecycle mapping for MavenProject: com.login:login-client:0.0.1-SNAPSHOT @ F:\in 28 minutes\ecommerce\login-client\login-client\pom.xml.
2017-11-13 00:11:59,215 [Worker-26] INFO  o.e.m.c.i.l.LifecycleMappingFactory - Using org.eclipse.m2e.jdt.JarLifecycleMapping lifecycle mapping for MavenProject: com.login:login-server:0.0.1-SNAPSHOT @ F:\in 28 minutes\ecommerce\login-server\login-server\pom.xml.
2017-11-13 00:12:00,506 [Worker-26] INFO  o.e.m.j.i.AbstractJavaProjectConfigurator - Adding source folder /login-client_login-client/src/main/java
2017-11-13 00:12:00,506 [Worker-26] INFO  o.e.m.j.i.AbstractJavaProjectConfigurator - Adding resource folder /login-client_login-client/src/main/resources
2017-11-13 00:12:00,509 [Worker-26] INFO  o.e.m.j.i.AbstractJavaProjectConfigurator - Adding resource folder /login-client_login-client/src/main/resources
2017-11-13 00:12:00,517 [Worker-26] INFO  o.e.m.j.i.AbstractJavaProjectConfigurator - Adding source folder /login-client_login-client/src/test/java
2017-11-13 00:12:02,458 [Worker-23] INFO  o.e.m.c.i.embedder.EclipseLogger - Using 'UTF-8' encoding to copy filtered resources.
2017-11-13 00:12:02,463 [Worker-23] INFO  o.e.m.c.i.embedder.EclipseLogger - Copying 1 resource
2017-11-13 00:12:02,523 [Worker-23] INFO  o.e.m.c.i.embedder.EclipseLogger - Copying 0 resource
2017-11-13 00:12:02,530 [Worker-23] INFO  o.e.m.c.i.embedder.EclipseLogger - Using 'UTF-8' encoding to copy filtered resources.
2017-11-13 00:12:02,530 [Worker-23] INFO  o.e.m.c.i.embedder.EclipseLogger - skip non existing resourceDirectory F:\in 28 minutes\ecommerce\login-client\login-client\src\test\resources
2017-11-13 00:12:03,670 [Worker-26] INFO  o.e.m.j.i.AbstractJavaProjectConfigurator - Adding source folder /login-server_login-server/src/main/java
2017-11-13 00:12:03,679 [Worker-26] INFO  o.e.m.j.i.AbstractJavaProjectConfigurator - Adding resource folder /login-server_login-server/src/main/resources
2017-11-13 00:12:03,693 [Worker-26] INFO  o.e.m.j.i.AbstractJavaProjectConfigurator - Adding resource folder /login-server_login-server/src/main/resources
2017-11-13 00:12:03,705 [Worker-26] INFO  o.e.m.j.i.AbstractJavaProjectConfigurator - Adding source folder /login-server_login-server/src/test/java
2017-11-13 00:12:04,129 [Worker-27] INFO  o.e.m.c.i.embedder.EclipseLogger - Using 'UTF-8' encoding to copy filtered resources.
2017-11-13 00:12:04,129 [Worker-27] INFO  o.e.m.c.i.embedder.EclipseLogger - Copying 0 resource
2017-11-13 00:12:04,129 [Worker-27] INFO  o.e.m.c.i.embedder.EclipseLogger - Copying 0 resource
2017-11-13 00:12:04,147 [Worker-27] INFO  o.e.m.c.i.embedder.EclipseLogger - Using 'UTF-8' encoding to copy filtered resources.
2017-11-13 00:12:04,148 [Worker-27] INFO  o.e.m.c.i.embedder.EclipseLogger - skip non existing resourceDirectory F:\in 28 minutes\ecommerce\login-client\login-client\src\test\resources
2017-11-13 00:12:04,422 [Worker-26] INFO  o.e.m.c.i.p.ProjectConfigurationManager - Update completed: 8 sec
2017-11-13 00:12:05,586 [Worker-28] INFO  o.e.m.c.i.embedder.EclipseLogger - Using 'UTF-8' encoding to copy filtered resources.
2017-11-13 00:12:05,587 [Worker-28] INFO  o.e.m.c.i.embedder.EclipseLogger - Copying 1 resource
2017-11-13 00:12:05,589 [Worker-28] INFO  o.e.m.c.i.embedder.EclipseLogger - Copying 0 resource
2017-11-13 00:12:05,593 [Worker-28] INFO  o.e.m.c.i.embedder.EclipseLogger - Using 'UTF-8' encoding to copy filtered resources.
2017-11-13 00:12:05,593 [Worker-28] INFO  o.e.m.c.i.embedder.EclipseLogger - skip non existing resourceDirectory F:\in 28 minutes\ecommerce\login-server\login-server\src\test\resources
