2017-10-18 20:49:11,466 [Worker-3] INFO  c.g.t.t.d.PublishedGradleVersions - Gradle version information cache is up-to-date. Trying to read.
2017-10-18 20:50:03,236 [Worker-0] INFO  o.e.m.c.i.l.LifecycleMappingFactory - Using org.eclipse.m2e.jdt.JarLifecycleMapping lifecycle mapping for MavenProject: com.designer:db-service:0.0.1-SNAPSHOT @ F:\in 28 minutes\ecommerce\db-service\db-service\pom.xml.
2017-10-18 20:50:07,726 [Worker-0] INFO  o.e.m.j.i.AbstractJavaProjectConfigurator - Adding source folder /db-service/src/main/java
2017-10-18 20:50:07,727 [Worker-0] INFO  o.e.m.j.i.AbstractJavaProjectConfigurator - Adding resource folder /db-service/src/main/resources
2017-10-18 20:50:07,727 [Worker-0] INFO  o.e.m.j.i.AbstractJavaProjectConfigurator - Adding resource folder /db-service/src/main/resources
2017-10-18 20:50:07,728 [Worker-0] INFO  o.e.m.j.i.AbstractJavaProjectConfigurator - Adding source folder /db-service/src/test/java
2017-10-18 20:50:07,962 [Worker-0] INFO  o.e.m.c.i.p.ProjectConfigurationManager - Imported and configured 1 project(s) in 19 sec
2017-10-18 20:50:11,709 [Worker-11] INFO  o.e.m.c.i.embedder.EclipseLogger - Using 'UTF-8' encoding to copy filtered resources.
2017-10-18 20:50:11,725 [Worker-11] INFO  o.e.m.c.i.embedder.EclipseLogger - Copying 1 resource
2017-10-18 20:50:11,887 [Worker-11] INFO  o.e.m.c.i.embedder.EclipseLogger - Copying 0 resource
2017-10-18 20:50:11,942 [Worker-11] INFO  o.e.m.c.i.embedder.EclipseLogger - Using 'UTF-8' encoding to copy filtered resources.
2017-10-18 20:50:11,943 [Worker-11] INFO  o.e.m.c.i.embedder.EclipseLogger - skip non existing resourceDirectory F:\in 28 minutes\ecommerce\db-service\db-service\src\test\resources
2017-10-18 22:46:15,125 [Worker-8] INFO  c.g.t.t.d.PublishedGradleVersions - Gradle version information cache is up-to-date. Trying to read.
2017-10-18 22:46:26,250 [Worker-0] INFO  o.e.m.c.i.embedder.EclipseLogger - Using 'UTF-8' encoding to copy filtered resources.
2017-10-18 22:46:26,260 [Worker-0] INFO  o.e.m.c.i.embedder.EclipseLogger - Copying 1 resource
2017-10-18 22:46:26,307 [Worker-0] INFO  o.e.m.c.i.embedder.EclipseLogger - Copying 0 resource
2017-10-18 22:46:26,356 [Worker-0] INFO  o.e.m.c.i.embedder.EclipseLogger - Using 'UTF-8' encoding to copy filtered resources.
2017-10-18 22:46:26,356 [Worker-0] INFO  o.e.m.c.i.embedder.EclipseLogger - skip non existing resourceDirectory F:\in 28 minutes\ecommerce\db-service\db-service\src\test\resources
2017-10-18 23:59:08,811 [Worker-26] INFO  o.e.m.c.i.embedder.EclipseLogger - Using 'UTF-8' encoding to copy filtered resources.
2017-10-18 23:59:08,821 [Worker-26] INFO  o.e.m.c.i.embedder.EclipseLogger - Copying 1 resource
2017-10-18 23:59:08,826 [Worker-26] INFO  o.e.m.c.i.embedder.EclipseLogger - Copying 0 resource
2017-10-18 23:59:08,832 [Worker-26] INFO  o.e.m.c.i.embedder.EclipseLogger - Using 'UTF-8' encoding to copy filtered resources.
2017-10-18 23:59:08,832 [Worker-26] INFO  o.e.m.c.i.embedder.EclipseLogger - skip non existing resourceDirectory F:\in 28 minutes\ecommerce\db-service\db-service\src\test\resources
2017-10-19 00:20:22,539 [Worker-27] INFO  o.e.m.c.i.l.LifecycleMappingFactory - Using org.eclipse.m2e.jdt.JarLifecycleMapping lifecycle mapping for MavenProject: com.designer:eureka-service:0.0.1-SNAPSHOT @ F:\in 28 minutes\ecommerce\eureka-service\pom.xml.
2017-10-19 00:20:23,176 [Worker-27] INFO  o.e.m.c.i.e.AbstractTransferListenerAdapter - Downloading https://repo.spring.io/snapshot/org/springframework/cloud/spring-cloud-starter-netflix-eureka-server/2.0.0.BUILD-SNAPSHOT/maven-metadata.xml
2017-10-19 00:20:23,369 [Worker-27] INFO  o.e.m.c.i.e.AbstractTransferListenerAdapter - Downloaded https://repo.spring.io/snapshot/org/springframework/cloud/spring-cloud-starter-netflix-eureka-server/2.0.0.BUILD-SNAPSHOT/maven-metadata.xml
2017-10-19 00:20:23,619 [Worker-27] INFO  o.e.m.c.i.e.AbstractTransferListenerAdapter - Downloading https://repo.spring.io/snapshot/org/springframework/cloud/spring-cloud-starter-netflix-eureka-server/2.0.0.BUILD-SNAPSHOT/spring-cloud-starter-netflix-eureka-server-2.0.0.BUILD-20171019.030925-546.pom
2017-10-19 00:20:23,700 [Worker-27] INFO  o.e.m.c.i.e.AbstractTransferListenerAdapter - Downloaded https://repo.spring.io/snapshot/org/springframework/cloud/spring-cloud-starter-netflix-eureka-server/2.0.0.BUILD-SNAPSHOT/spring-cloud-starter-netflix-eureka-server-2.0.0.BUILD-20171019.030925-546.pom
2017-10-19 00:20:24,839 [Worker-27] INFO  o.e.m.c.i.e.AbstractTransferListenerAdapter - Downloading https://repo.spring.io/snapshot/org/springframework/cloud/spring-cloud-netflix-eureka-server/2.0.0.BUILD-SNAPSHOT/maven-metadata.xml
2017-10-19 00:20:25,001 [Worker-27] INFO  o.e.m.c.i.e.AbstractTransferListenerAdapter - Downloaded https://repo.spring.io/snapshot/org/springframework/cloud/spring-cloud-netflix-eureka-server/2.0.0.BUILD-SNAPSHOT/maven-metadata.xml
2017-10-19 00:20:25,153 [Worker-27] INFO  o.e.m.c.i.e.AbstractTransferListenerAdapter - Downloading https://repo.spring.io/snapshot/org/springframework/cloud/spring-cloud-netflix-eureka-server/2.0.0.BUILD-SNAPSHOT/spring-cloud-netflix-eureka-server-2.0.0.BUILD-20171019.030549-955.pom
2017-10-19 00:20:25,341 [Worker-27] INFO  o.e.m.c.i.e.AbstractTransferListenerAdapter - Downloaded https://repo.spring.io/snapshot/org/springframework/cloud/spring-cloud-netflix-eureka-server/2.0.0.BUILD-SNAPSHOT/spring-cloud-netflix-eureka-server-2.0.0.BUILD-20171019.030549-955.pom
2017-10-19 00:20:25,368 [Worker-27] WARN  o.e.m.c.i.embedder.EclipseLogger - The POM for org.springframework.cloud:spring-cloud-netflix-eureka-server:jar:2.0.0.BUILD-20171019.030549-955 is invalid, transitive dependencies (if any) will not be available, enable debug logging for more details
2017-10-19 00:20:27,452 [Worker-27] INFO  o.e.m.c.i.e.AbstractTransferListenerAdapter - Downloading https://repo.spring.io/snapshot/org/springframework/cloud/spring-cloud-starter-netflix-eureka-server/2.0.0.BUILD-SNAPSHOT/spring-cloud-starter-netflix-eureka-server-2.0.0.BUILD-20171019.030925-546.jar
2017-10-19 00:20:27,554 [Worker-27] INFO  o.e.m.c.i.e.AbstractTransferListenerAdapter - Downloaded https://repo.spring.io/snapshot/org/springframework/cloud/spring-cloud-starter-netflix-eureka-server/2.0.0.BUILD-SNAPSHOT/spring-cloud-starter-netflix-eureka-server-2.0.0.BUILD-20171019.030925-546.jar
2017-10-19 00:20:27,647 [Worker-27] INFO  o.e.m.c.i.e.AbstractTransferListenerAdapter - Downloading https://repo.spring.io/snapshot/org/springframework/cloud/spring-cloud-netflix-eureka-server/2.0.0.BUILD-SNAPSHOT/spring-cloud-netflix-eureka-server-2.0.0.BUILD-20171019.030549-955.jar
2017-10-19 00:20:28,155 [Worker-27] INFO  o.e.m.c.i.e.AbstractTransferListenerAdapter - Downloaded https://repo.spring.io/snapshot/org/springframework/cloud/spring-cloud-netflix-eureka-server/2.0.0.BUILD-SNAPSHOT/spring-cloud-netflix-eureka-server-2.0.0.BUILD-20171019.030549-955.jar
2017-10-19 00:20:28,224 [Worker-27] INFO  o.e.m.c.i.e.AbstractTransferListenerAdapter - Downloaded https://repo.spring.io/snapshot/com/google/code/findbugs/jsr305/3.0.1/jsr305-3.0.1.jar
2017-10-19 00:20:29,303 [Worker-27] INFO  o.e.m.c.i.e.AbstractTransferListenerAdapter - Downloaded https://repo.spring.io/milestone/com/google/code/findbugs/jsr305/3.0.1/jsr305-3.0.1.jar
2017-10-19 00:20:29,605 [Worker-27] INFO  o.e.m.c.i.e.AbstractTransferListenerAdapter - Downloading https://repo.maven.apache.org/maven2/com/google/code/findbugs/jsr305/3.0.1/jsr305-3.0.1.jar
2017-10-19 00:20:29,709 [Worker-27] INFO  o.e.m.c.i.e.AbstractTransferListenerAdapter - Downloaded https://repo.maven.apache.org/maven2/com/google/code/findbugs/jsr305/3.0.1/jsr305-3.0.1.jar
2017-10-19 00:20:31,729 [Worker-27] INFO  o.e.m.j.i.AbstractJavaProjectConfigurator - Adding source folder /eureka-service/src/main/java
2017-10-19 00:20:31,731 [Worker-27] INFO  o.e.m.j.i.AbstractJavaProjectConfigurator - Adding resource folder /eureka-service/src/main/resources
2017-10-19 00:20:31,744 [Worker-27] INFO  o.e.m.j.i.AbstractJavaProjectConfigurator - Adding resource folder /eureka-service/src/main/resources
2017-10-19 00:20:31,760 [Worker-27] INFO  o.e.m.j.i.AbstractJavaProjectConfigurator - Adding source folder /eureka-service/src/test/java
2017-10-19 00:20:33,899 [Worker-27] INFO  o.e.m.c.i.p.ProjectConfigurationManager - Imported and configured 1 project(s) in 14 sec
2017-10-19 00:20:35,932 [Worker-27] WARN  o.e.m.c.i.embedder.EclipseLogger - The POM for org.springframework.cloud:spring-cloud-netflix-eureka-server:jar:2.0.0.BUILD-20171019.030549-955 is invalid, transitive dependencies (if any) will not be available, enable debug logging for more details
2017-10-19 00:20:36,539 [Worker-27] INFO  o.e.m.c.i.embedder.EclipseLogger - Using 'UTF-8' encoding to copy filtered resources.
2017-10-19 00:20:36,540 [Worker-27] INFO  o.e.m.c.i.embedder.EclipseLogger - Copying 1 resource
2017-10-19 00:20:36,543 [Worker-27] INFO  o.e.m.c.i.embedder.EclipseLogger - Copying 0 resource
2017-10-19 00:20:36,548 [Worker-27] INFO  o.e.m.c.i.embedder.EclipseLogger - Using 'UTF-8' encoding to copy filtered resources.
2017-10-19 00:20:36,548 [Worker-27] INFO  o.e.m.c.i.embedder.EclipseLogger - skip non existing resourceDirectory F:\in 28 minutes\ecommerce\eureka-service\src\test\resources
2017-10-19 00:21:56,649 [Worker-35] INFO  o.e.m.c.i.embedder.EclipseLogger - Using 'UTF-8' encoding to copy filtered resources.
2017-10-19 00:21:56,651 [Worker-35] INFO  o.e.m.c.i.embedder.EclipseLogger - Copying 1 resource
2017-10-19 00:21:56,654 [Worker-35] INFO  o.e.m.c.i.embedder.EclipseLogger - Copying 0 resource
2017-10-19 00:21:56,661 [Worker-35] INFO  o.e.m.c.i.embedder.EclipseLogger - Using 'UTF-8' encoding to copy filtered resources.
2017-10-19 00:21:56,661 [Worker-35] INFO  o.e.m.c.i.embedder.EclipseLogger - skip non existing resourceDirectory F:\in 28 minutes\ecommerce\eureka-service\src\test\resources
2017-10-19 00:26:16,088 [Worker-32] INFO  o.e.m.c.i.embedder.EclipseLogger - Using 'UTF-8' encoding to copy filtered resources.
2017-10-19 00:26:16,096 [Worker-32] INFO  o.e.m.c.i.embedder.EclipseLogger - Copying 1 resource
2017-10-19 00:26:16,099 [Worker-32] INFO  o.e.m.c.i.embedder.EclipseLogger - Copying 0 resource
2017-10-19 00:26:16,107 [Worker-32] INFO  o.e.m.c.i.embedder.EclipseLogger - Using 'UTF-8' encoding to copy filtered resources.
2017-10-19 00:26:16,108 [Worker-32] INFO  o.e.m.c.i.embedder.EclipseLogger - skip non existing resourceDirectory F:\in 28 minutes\ecommerce\eureka-service\src\test\resources
2017-10-19 00:26:24,141 [Worker-36] INFO  o.e.m.c.i.embedder.EclipseLogger - Using 'UTF-8' encoding to copy filtered resources.
2017-10-19 00:26:24,143 [Worker-36] INFO  o.e.m.c.i.embedder.EclipseLogger - Copying 1 resource
2017-10-19 00:26:24,146 [Worker-36] INFO  o.e.m.c.i.embedder.EclipseLogger - Copying 0 resource
2017-10-19 00:26:24,154 [Worker-36] INFO  o.e.m.c.i.embedder.EclipseLogger - Using 'UTF-8' encoding to copy filtered resources.
2017-10-19 00:26:24,155 [Worker-36] INFO  o.e.m.c.i.embedder.EclipseLogger - skip non existing resourceDirectory F:\in 28 minutes\ecommerce\eureka-service\src\test\resources
2017-10-19 00:30:53,239 [main] INFO  o.e.m2e.actions.ExecutePomAction - Creating new launch configuration
2017-10-19 00:30:57,715 [Worker-33] INFO  o.e.m.i.launch.MavenLaunchDelegate - F:\in 28 minutes\ecommerce\eureka-service
2017-10-19 00:30:57,717 [Worker-33] INFO  o.e.m.i.launch.MavenLaunchDelegate -  mvn -B 
